2011-11-15 21:10:13 Notice: Notice (8): Undefined variable: imprint in [/Users/mjparinas/Documents/Zimity-Web/app/View/Imprints/view.ctp, line 18]
Trace:
include - APP/View/Imprints/view.ctp, line 18
View::_render() - CORE/Cake/View/View.php, line 598
View::render() - CORE/Cake/View/View.php, line 365
Controller::render() - CORE/Cake/Controller/Controller.php, line 900
Dispatcher::_invoke() - CORE/Cake/Routing/Dispatcher.php, line 114
Dispatcher::dispatch() - CORE/Cake/Routing/Dispatcher.php, line 89
[main] - APP/webroot/index.php, line 96

2011-11-15 21:10:13 Notice: Notice (8): Undefined variable: imprint in [/Users/mjparinas/Documents/Zimity-Web/app/View/Imprints/view.ctp, line 18]
Trace:
include - APP/View/Imprints/view.ctp, line 18
View::_render() - CORE/Cake/View/View.php, line 598
View::render() - CORE/Cake/View/View.php, line 365
Controller::render() - CORE/Cake/Controller/Controller.php, line 900
Dispatcher::_invoke() - CORE/Cake/Routing/Dispatcher.php, line 114
Dispatcher::dispatch() - CORE/Cake/Routing/Dispatcher.php, line 89
[main] - APP/webroot/index.php, line 96

2011-11-15 21:10:13 Notice: Notice (8): Undefined variable: imprint in [/Users/mjparinas/Documents/Zimity-Web/app/View/Imprints/view.ctp, line 32]
Trace:
include - APP/View/Imprints/view.ctp, line 32
View::_render() - CORE/Cake/View/View.php, line 598
View::render() - CORE/Cake/View/View.php, line 365
Controller::render() - CORE/Cake/Controller/Controller.php, line 900
Dispatcher::_invoke() - CORE/Cake/Routing/Dispatcher.php, line 114
Dispatcher::dispatch() - CORE/Cake/Routing/Dispatcher.php, line 89
[main] - APP/webroot/index.php, line 96

2011-11-15 21:10:13 Notice: Notice (8): Undefined variable: imprint in [/Users/mjparinas/Documents/Zimity-Web/app/View/Imprints/view.ctp, line 32]
Trace:
include - APP/View/Imprints/view.ctp, line 32
View::_render() - CORE/Cake/View/View.php, line 598
View::render() - CORE/Cake/View/View.php, line 365
Controller::render() - CORE/Cake/Controller/Controller.php, line 900
Dispatcher::_invoke() - CORE/Cake/Routing/Dispatcher.php, line 114
Dispatcher::dispatch() - CORE/Cake/Routing/Dispatcher.php, line 89
[main] - APP/webroot/index.php, line 96

2011-11-15 21:10:13 Notice: Notice (8): Undefined variable: imprint in [/Users/mjparinas/Documents/Zimity-Web/app/View/Imprints/view.ctp, line 34]
Trace:
include - APP/View/Imprints/view.ctp, line 34
View::_render() - CORE/Cake/View/View.php, line 598
View::render() - CORE/Cake/View/View.php, line 365
Controller::render() - CORE/Cake/Controller/Controller.php, line 900
Dispatcher::_invoke() - CORE/Cake/Routing/Dispatcher.php, line 114
Dispatcher::dispatch() - CORE/Cake/Routing/Dispatcher.php, line 89
[main] - APP/webroot/index.php, line 96

2011-11-15 21:10:13 Notice: Notice (8): Undefined variable: imprint in [/Users/mjparinas/Documents/Zimity-Web/app/View/Imprints/view.ctp, line 83]
Trace:
include - APP/View/Imprints/view.ctp, line 83
View::_render() - CORE/Cake/View/View.php, line 598
View::render() - CORE/Cake/View/View.php, line 365
Controller::render() - CORE/Cake/Controller/Controller.php, line 900
Dispatcher::_invoke() - CORE/Cake/Routing/Dispatcher.php, line 114
Dispatcher::dispatch() - CORE/Cake/Routing/Dispatcher.php, line 89
[main] - APP/webroot/index.php, line 96

2011-11-15 21:10:13 Notice: Notice (8): Undefined variable: imprint in [/Users/mjparinas/Documents/Zimity-Web/app/View/Imprints/view.ctp, line 83]
Trace:
include - APP/View/Imprints/view.ctp, line 83
View::_render() - CORE/Cake/View/View.php, line 598
View::render() - CORE/Cake/View/View.php, line 365
Controller::render() - CORE/Cake/Controller/Controller.php, line 900
Dispatcher::_invoke() - CORE/Cake/Routing/Dispatcher.php, line 114
Dispatcher::dispatch() - CORE/Cake/Routing/Dispatcher.php, line 89
[main] - APP/webroot/index.php, line 96

2011-11-15 21:10:13 Notice: Notice (8): Undefined variable: imprint in [/Users/mjparinas/Documents/Zimity-Web/app/View/Imprints/view.ctp, line 84]
Trace:
include - APP/View/Imprints/view.ctp, line 84
View::_render() - CORE/Cake/View/View.php, line 598
View::render() - CORE/Cake/View/View.php, line 365
Controller::render() - CORE/Cake/Controller/Controller.php, line 900
Dispatcher::_invoke() - CORE/Cake/Routing/Dispatcher.php, line 114
Dispatcher::dispatch() - CORE/Cake/Routing/Dispatcher.php, line 89
[main] - APP/webroot/index.php, line 96

2011-11-15 21:10:13 Notice: Notice (8): Undefined variable: imprint in [/Users/mjparinas/Documents/Zimity-Web/app/View/Imprints/view.ctp, line 18]
Trace:
include - APP/View/Imprints/view.ctp, line 18
View::_render() - CORE/Cake/View/View.php, line 598
View::render() - CORE/Cake/View/View.php, line 365
Controller::render() - CORE/Cake/Controller/Controller.php, line 900
Dispatcher::_invoke() - CORE/Cake/Routing/Dispatcher.php, line 114
Dispatcher::dispatch() - CORE/Cake/Routing/Dispatcher.php, line 89
[main] - APP/webroot/index.php, line 96

2011-11-15 21:10:13 Notice: Notice (8): Undefined variable: imprint in [/Users/mjparinas/Documents/Zimity-Web/app/View/Imprints/view.ctp, line 18]
Trace:
include - APP/View/Imprints/view.ctp, line 18
View::_render() - CORE/Cake/View/View.php, line 598
View::render() - CORE/Cake/View/View.php, line 365
Controller::render() - CORE/Cake/Controller/Controller.php, line 900
Dispatcher::_invoke() - CORE/Cake/Routing/Dispatcher.php, line 114
Dispatcher::dispatch() - CORE/Cake/Routing/Dispatcher.php, line 89
[main] - APP/webroot/index.php, line 96

2011-11-15 21:10:13 Notice: Notice (8): Undefined variable: imprint in [/Users/mjparinas/Documents/Zimity-Web/app/View/Imprints/view.ctp, line 32]
Trace:
include - APP/View/Imprints/view.ctp, line 32
View::_render() - CORE/Cake/View/View.php, line 598
View::render() - CORE/Cake/View/View.php, line 365
Controller::render() - CORE/Cake/Controller/Controller.php, line 900
Dispatcher::_invoke() - CORE/Cake/Routing/Dispatcher.php, line 114
Dispatcher::dispatch() - CORE/Cake/Routing/Dispatcher.php, line 89
[main] - APP/webroot/index.php, line 96

2011-11-15 21:10:13 Notice: Notice (8): Undefined variable: imprint in [/Users/mjparinas/Documents/Zimity-Web/app/View/Imprints/view.ctp, line 32]
Trace:
include - APP/View/Imprints/view.ctp, line 32
View::_render() - CORE/Cake/View/View.php, line 598
View::render() - CORE/Cake/View/View.php, line 365
Controller::render() - CORE/Cake/Controller/Controller.php, line 900
Dispatcher::_invoke() - CORE/Cake/Routing/Dispatcher.php, line 114
Dispatcher::dispatch() - CORE/Cake/Routing/Dispatcher.php, line 89
[main] - APP/webroot/index.php, line 96

2011-11-15 21:10:13 Notice: Notice (8): Undefined variable: imprint in [/Users/mjparinas/Documents/Zimity-Web/app/View/Imprints/view.ctp, line 34]
Trace:
include - APP/View/Imprints/view.ctp, line 34
View::_render() - CORE/Cake/View/View.php, line 598
View::render() - CORE/Cake/View/View.php, line 365
Controller::render() - CORE/Cake/Controller/Controller.php, line 900
Dispatcher::_invoke() - CORE/Cake/Routing/Dispatcher.php, line 114
Dispatcher::dispatch() - CORE/Cake/Routing/Dispatcher.php, line 89
[main] - APP/webroot/index.php, line 96

2011-11-15 21:10:13 Notice: Notice (8): Undefined variable: imprint in [/Users/mjparinas/Documents/Zimity-Web/app/View/Imprints/view.ctp, line 83]
Trace:
include - APP/View/Imprints/view.ctp, line 83
View::_render() - CORE/Cake/View/View.php, line 598
View::render() - CORE/Cake/View/View.php, line 365
Controller::render() - CORE/Cake/Controller/Controller.php, line 900
Dispatcher::_invoke() - CORE/Cake/Routing/Dispatcher.php, line 114
Dispatcher::dispatch() - CORE/Cake/Routing/Dispatcher.php, line 89
[main] - APP/webroot/index.php, line 96

2011-11-15 21:10:13 Notice: Notice (8): Undefined variable: imprint in [/Users/mjparinas/Documents/Zimity-Web/app/View/Imprints/view.ctp, line 83]
Trace:
include - APP/View/Imprints/view.ctp, line 83
View::_render() - CORE/Cake/View/View.php, line 598
View::render() - CORE/Cake/View/View.php, line 365
Controller::render() - CORE/Cake/Controller/Controller.php, line 900
Dispatcher::_invoke() - CORE/Cake/Routing/Dispatcher.php, line 114
Dispatcher::dispatch() - CORE/Cake/Routing/Dispatcher.php, line 89
[main] - APP/webroot/index.php, line 96

2011-11-15 21:10:13 Notice: Notice (8): Undefined variable: imprint in [/Users/mjparinas/Documents/Zimity-Web/app/View/Imprints/view.ctp, line 84]
Trace:
include - APP/View/Imprints/view.ctp, line 84
View::_render() - CORE/Cake/View/View.php, line 598
View::render() - CORE/Cake/View/View.php, line 365
Controller::render() - CORE/Cake/Controller/Controller.php, line 900
Dispatcher::_invoke() - CORE/Cake/Routing/Dispatcher.php, line 114
Dispatcher::dispatch() - CORE/Cake/Routing/Dispatcher.php, line 89
[main] - APP/webroot/index.php, line 96

2011-11-15 21:10:13 Notice: Notice (8): Undefined variable: imprint in [/Users/mjparinas/Documents/Zimity-Web/app/View/Imprints/view.ctp, line 85]
Trace:
include - APP/View/Imprints/view.ctp, line 85
View::_render() - CORE/Cake/View/View.php, line 598
View::render() - CORE/Cake/View/View.php, line 365
Controller::render() - CORE/Cake/Controller/Controller.php, line 900
Dispatcher::_invoke() - CORE/Cake/Routing/Dispatcher.php, line 114
Dispatcher::dispatch() - CORE/Cake/Routing/Dispatcher.php, line 89
[main] - APP/webroot/index.php, line 96

2011-11-15 21:10:13 Notice: Notice (8): Undefined variable: imprint in [/Users/mjparinas/Documents/Zimity-Web/app/View/Imprints/view.ctp, line 85]
Trace:
include - APP/View/Imprints/view.ctp, line 85
View::_render() - CORE/Cake/View/View.php, line 598
View::render() - CORE/Cake/View/View.php, line 365
Controller::render() - CORE/Cake/Controller/Controller.php, line 900
Dispatcher::_invoke() - CORE/Cake/Routing/Dispatcher.php, line 114
Dispatcher::dispatch() - CORE/Cake/Routing/Dispatcher.php, line 89
[main] - APP/webroot/index.php, line 96

2011-11-15 21:10:13 Notice: Notice (8): Undefined variable: imprint in [/Users/mjparinas/Documents/Zimity-Web/app/View/Imprints/view.ctp, line 86]
Trace:
include - APP/View/Imprints/view.ctp, line 86
View::_render() - CORE/Cake/View/View.php, line 598
View::render() - CORE/Cake/View/View.php, line 365
Controller::render() - CORE/Cake/Controller/Controller.php, line 900
Dispatcher::_invoke() - CORE/Cake/Routing/Dispatcher.php, line 114
Dispatcher::dispatch() - CORE/Cake/Routing/Dispatcher.php, line 89
[main] - APP/webroot/index.php, line 96

2011-11-15 21:10:13 Notice: Notice (8): Undefined variable: imprint in [/Users/mjparinas/Documents/Zimity-Web/app/View/Imprints/view.ctp, line 87]
Trace:
include - APP/View/Imprints/view.ctp, line 87
View::_render() - CORE/Cake/View/View.php, line 598
View::render() - CORE/Cake/View/View.php, line 365
Controller::render() - CORE/Cake/Controller/Controller.php, line 900
Dispatcher::_invoke() - CORE/Cake/Routing/Dispatcher.php, line 114
Dispatcher::dispatch() - CORE/Cake/Routing/Dispatcher.php, line 89
[main] - APP/webroot/index.php, line 96

2011-11-15 21:10:13 Notice: Notice (8): Undefined variable: imprint in [/Users/mjparinas/Documents/Zimity-Web/app/View/Imprints/view.ctp, line 88]
Trace:
include - APP/View/Imprints/view.ctp, line 88
View::_render() - CORE/Cake/View/View.php, line 598
View::render() - CORE/Cake/View/View.php, line 365
Controller::render() - CORE/Cake/Controller/Controller.php, line 900
Dispatcher::_invoke() - CORE/Cake/Routing/Dispatcher.php, line 114
Dispatcher::dispatch() - CORE/Cake/Routing/Dispatcher.php, line 89
[main] - APP/webroot/index.php, line 96

2011-11-15 21:10:13 Notice: Notice (8): Undefined variable: imprint in [/Users/mjparinas/Documents/Zimity-Web/app/View/Imprints/view.ctp, line 89]
Trace:
include - APP/View/Imprints/view.ctp, line 89
View::_render() - CORE/Cake/View/View.php, line 598
View::render() - CORE/Cake/View/View.php, line 365
Controller::render() - CORE/Cake/Controller/Controller.php, line 900
Dispatcher::_invoke() - CORE/Cake/Routing/Dispatcher.php, line 114
Dispatcher::dispatch() - CORE/Cake/Routing/Dispatcher.php, line 89
[main] - APP/webroot/index.php, line 96

2011-11-15 21:10:13 Notice: Notice (8): Undefined variable: imprint in [/Users/mjparinas/Documents/Zimity-Web/app/View/Imprints/view.ctp, line 90]
Trace:
include - APP/View/Imprints/view.ctp, line 90
View::_render() - CORE/Cake/View/View.php, line 598
View::render() - CORE/Cake/View/View.php, line 365
Controller::render() - CORE/Cake/Controller/Controller.php, line 900
Dispatcher::_invoke() - CORE/Cake/Routing/Dispatcher.php, line 114
Dispatcher::dispatch() - CORE/Cake/Routing/Dispatcher.php, line 89
[main] - APP/webroot/index.php, line 96

2011-11-15 21:10:13 Notice: Notice (8): Undefined variable: imprint in [/Users/mjparinas/Documents/Zimity-Web/app/View/Imprints/view.ctp, line 91]
Trace:
include - APP/View/Imprints/view.ctp, line 91
View::_render() - CORE/Cake/View/View.php, line 598
View::render() - CORE/Cake/View/View.php, line 365
Controller::render() - CORE/Cake/Controller/Controller.php, line 900
Dispatcher::_invoke() - CORE/Cake/Routing/Dispatcher.php, line 114
Dispatcher::dispatch() - CORE/Cake/Routing/Dispatcher.php, line 89
[main] - APP/webroot/index.php, line 96

2011-11-15 21:10:13 Notice: Notice (8): Undefined variable: imprint in [/Users/mjparinas/Documents/Zimity-Web/app/View/Imprints/view.ctp, line 92]
Trace:
include - APP/View/Imprints/view.ctp, line 92
View::_render() - CORE/Cake/View/View.php, line 598
View::render() - CORE/Cake/View/View.php, line 365
Controller::render() - CORE/Cake/Controller/Controller.php, line 900
Dispatcher::_invoke() - CORE/Cake/Routing/Dispatcher.php, line 114
Dispatcher::dispatch() - CORE/Cake/Routing/Dispatcher.php, line 89
[main] - APP/webroot/index.php, line 96

2011-11-15 21:10:13 Notice: Notice (8): Undefined variable: imprint in [/Users/mjparinas/Documents/Zimity-Web/app/View/Imprints/view.ctp, line 93]
Trace:
include - APP/View/Imprints/view.ctp, line 93
View::_render() - CORE/Cake/View/View.php, line 598
View::render() - CORE/Cake/View/View.php, line 365
Controller::render() - CORE/Cake/Controller/Controller.php, line 900
Dispatcher::_invoke() - CORE/Cake/Routing/Dispatcher.php, line 114
Dispatcher::dispatch() - CORE/Cake/Routing/Dispatcher.php, line 89
[main] - APP/webroot/index.php, line 96

2011-11-15 21:10:13 Notice: Notice (8): Undefined variable: imprint in [/Users/mjparinas/Documents/Zimity-Web/app/View/Imprints/view.ctp, line 94]
Trace:
include - APP/View/Imprints/view.ctp, line 94
View::_render() - CORE/Cake/View/View.php, line 598
View::render() - CORE/Cake/View/View.php, line 365
Controller::render() - CORE/Cake/Controller/Controller.php, line 900
Dispatcher::_invoke() - CORE/Cake/Routing/Dispatcher.php, line 114
Dispatcher::dispatch() - CORE/Cake/Routing/Dispatcher.php, line 89
[main] - APP/webroot/index.php, line 96

2011-11-15 21:10:13 Notice: Notice (8): Undefined variable: imprint in [/Users/mjparinas/Documents/Zimity-Web/app/View/Imprints/view.ctp, line 18]
Trace:
include - APP/View/Imprints/view.ctp, line 18
View::_render() - CORE/Cake/View/View.php, line 598
View::render() - CORE/Cake/View/View.php, line 365
Controller::render() - CORE/Cake/Controller/Controller.php, line 900
Dispatcher::_invoke() - CORE/Cake/Routing/Dispatcher.php, line 114
Dispatcher::dispatch() - CORE/Cake/Routing/Dispatcher.php, line 89
[main] - APP/webroot/index.php, line 96

2011-11-15 21:10:13 Notice: Notice (8): Undefined variable: imprint in [/Users/mjparinas/Documents/Zimity-Web/app/View/Imprints/view.ctp, line 18]
Trace:
include - APP/View/Imprints/view.ctp, line 18
View::_render() - CORE/Cake/View/View.php, line 598
View::render() - CORE/Cake/View/View.php, line 365
Controller::render() - CORE/Cake/Controller/Controller.php, line 900
Dispatcher::_invoke() - CORE/Cake/Routing/Dispatcher.php, line 114
Dispatcher::dispatch() - CORE/Cake/Routing/Dispatcher.php, line 89
[main] - APP/webroot/index.php, line 96

2011-11-15 21:10:13 Notice: Notice (8): Undefined variable: imprint in [/Users/mjparinas/Documents/Zimity-Web/app/View/Imprints/view.ctp, line 32]
Trace:
include - APP/View/Imprints/view.ctp, line 32
View::_render() - CORE/Cake/View/View.php, line 598
View::render() - CORE/Cake/View/View.php, line 365
Controller::render() - CORE/Cake/Controller/Controller.php, line 900
Dispatcher::_invoke() - CORE/Cake/Routing/Dispatcher.php, line 114
Dispatcher::dispatch() - CORE/Cake/Routing/Dispatcher.php, line 89
[main] - APP/webroot/index.php, line 96

2011-11-15 21:10:13 Notice: Notice (8): Undefined variable: imprint in [/Users/mjparinas/Documents/Zimity-Web/app/View/Imprints/view.ctp, line 32]
Trace:
include - APP/View/Imprints/view.ctp, line 32
View::_render() - CORE/Cake/View/View.php, line 598
View::render() - CORE/Cake/View/View.php, line 365
Controller::render() - CORE/Cake/Controller/Controller.php, line 900
Dispatcher::_invoke() - CORE/Cake/Routing/Dispatcher.php, line 114
Dispatcher::dispatch() - CORE/Cake/Routing/Dispatcher.php, line 89
[main] - APP/webroot/index.php, line 96

2011-11-15 21:10:13 Notice: Notice (8): Undefined variable: imprint in [/Users/mjparinas/Documents/Zimity-Web/app/View/Imprints/view.ctp, line 95]
Trace:
include - APP/View/Imprints/view.ctp, line 95
View::_render() - CORE/Cake/View/View.php, line 598
View::render() - CORE/Cake/View/View.php, line 365
Controller::render() - CORE/Cake/Controller/Controller.php, line 900
Dispatcher::_invoke() - CORE/Cake/Routing/Dispatcher.php, line 114
Dispatcher::dispatch() - CORE/Cake/Routing/Dispatcher.php, line 89
[main] - APP/webroot/index.php, line 96

2011-11-15 21:10:13 Notice: Notice (8): Undefined variable: imprint in [/Users/mjparinas/Documents/Zimity-Web/app/View/Imprints/view.ctp, line 96]
Trace:
include - APP/View/Imprints/view.ctp, line 96
View::_render() - CORE/Cake/View/View.php, line 598
View::render() - CORE/Cake/View/View.php, line 365
Controller::render() - CORE/Cake/Controller/Controller.php, line 900
Dispatcher::_invoke() - CORE/Cake/Routing/Dispatcher.php, line 114
Dispatcher::dispatch() - CORE/Cake/Routing/Dispatcher.php, line 89
[main] - APP/webroot/index.php, line 96

2011-11-15 21:10:13 Notice: Notice (8): Undefined variable: imprint in [/Users/mjparinas/Documents/Zimity-Web/app/View/Imprints/view.ctp, line 34]
Trace:
include - APP/View/Imprints/view.ctp, line 34
View::_render() - CORE/Cake/View/View.php, line 598
View::render() - CORE/Cake/View/View.php, line 365
Controller::render() - CORE/Cake/Controller/Controller.php, line 900
Dispatcher::_invoke() - CORE/Cake/Routing/Dispatcher.php, line 114
Dispatcher::dispatch() - CORE/Cake/Routing/Dispatcher.php, line 89
[main] - APP/webroot/index.php, line 96

2011-11-15 21:10:13 Notice: Notice (8): Undefined variable: imprint in [/Users/mjparinas/Documents/Zimity-Web/app/View/Imprints/view.ctp, line 86]
Trace:
include - APP/View/Imprints/view.ctp, line 86
View::_render() - CORE/Cake/View/View.php, line 598
View::render() - CORE/Cake/View/View.php, line 365
Controller::render() - CORE/Cake/Controller/Controller.php, line 900
Dispatcher::_invoke() - CORE/Cake/Routing/Dispatcher.php, line 114
Dispatcher::dispatch() - CORE/Cake/Routing/Dispatcher.php, line 89
[main] - APP/webroot/index.php, line 96

2011-11-15 21:10:13 Notice: Notice (8): Undefined variable: imprint in [/Users/mjparinas/Documents/Zimity-Web/app/View/Imprints/view.ctp, line 83]
Trace:
include - APP/View/Imprints/view.ctp, line 83
View::_render() - CORE/Cake/View/View.php, line 598
View::render() - CORE/Cake/View/View.php, line 365
Controller::render() - CORE/Cake/Controller/Controller.php, line 900
Dispatcher::_invoke() - CORE/Cake/Routing/Dispatcher.php, line 114
Dispatcher::dispatch() - CORE/Cake/Routing/Dispatcher.php, line 89
[main] - APP/webroot/index.php, line 96

2011-11-15 21:10:13 Notice: Notice (8): Undefined variable: imprint in [/Users/mjparinas/Documents/Zimity-Web/app/View/Imprints/view.ctp, line 87]
Trace:
include - APP/View/Imprints/view.ctp, line 87
View::_render() - CORE/Cake/View/View.php, line 598
View::render() - CORE/Cake/View/View.php, line 365
Controller::render() - CORE/Cake/Controller/Controller.php, line 900
Dispatcher::_invoke() - CORE/Cake/Routing/Dispatcher.php, line 114
Dispatcher::dispatch() - CORE/Cake/Routing/Dispatcher.php, line 89
[main] - APP/webroot/index.php, line 96

2011-11-15 21:10:13 Notice: Notice (8): Undefined variable: imprint in [/Users/mjparinas/Documents/Zimity-Web/app/View/Imprints/view.ctp, line 83]
Trace:
include - APP/View/Imprints/view.ctp, line 83
View::_render() - CORE/Cake/View/View.php, line 598
View::render() - CORE/Cake/View/View.php, line 365
Controller::render() - CORE/Cake/Controller/Controller.php, line 900
Dispatcher::_invoke() - CORE/Cake/Routing/Dispatcher.php, line 114
Dispatcher::dispatch() - CORE/Cake/Routing/Dispatcher.php, line 89
[main] - APP/webroot/index.php, line 96

2011-11-15 21:10:13 Notice: Notice (8): Undefined variable: imprint in [/Users/mjparinas/Documents/Zimity-Web/app/View/Imprints/view.ctp, line 88]
Trace:
include - APP/View/Imprints/view.ctp, line 88
View::_render() - CORE/Cake/View/View.php, line 598
View::render() - CORE/Cake/View/View.php, line 365
Controller::render() - CORE/Cake/Controller/Controller.php, line 900
Dispatcher::_invoke() - CORE/Cake/Routing/Dispatcher.php, line 114
Dispatcher::dispatch() - CORE/Cake/Routing/Dispatcher.php, line 89
[main] - APP/webroot/index.php, line 96

2011-11-15 21:10:13 Notice: Notice (8): Undefined variable: imprint in [/Users/mjparinas/Documents/Zimity-Web/app/View/Imprints/view.ctp, line 84]
Trace:
include - APP/View/Imprints/view.ctp, line 84
View::_render() - CORE/Cake/View/View.php, line 598
View::render() - CORE/Cake/View/View.php, line 365
Controller::render() - CORE/Cake/Controller/Controller.php, line 900
Dispatcher::_invoke() - CORE/Cake/Routing/Dispatcher.php, line 114
Dispatcher::dispatch() - CORE/Cake/Routing/Dispatcher.php, line 89
[main] - APP/webroot/index.php, line 96

2011-11-15 21:10:13 Notice: Notice (8): Undefined variable: imprint in [/Users/mjparinas/Documents/Zimity-Web/app/View/Imprints/view.ctp, line 89]
Trace:
include - APP/View/Imprints/view.ctp, line 89
View::_render() - CORE/Cake/View/View.php, line 598
View::render() - CORE/Cake/View/View.php, line 365
Controller::render() - CORE/Cake/Controller/Controller.php, line 900
Dispatcher::_invoke() - CORE/Cake/Routing/Dispatcher.php, line 114
Dispatcher::dispatch() - CORE/Cake/Routing/Dispatcher.php, line 89
[main] - APP/webroot/index.php, line 96

2011-11-15 21:10:13 Notice: Notice (8): Undefined variable: imprint in [/Users/mjparinas/Documents/Zimity-Web/app/View/Imprints/view.ctp, line 85]
Trace:
include - APP/View/Imprints/view.ctp, line 85
View::_render() - CORE/Cake/View/View.php, line 598
View::render() - CORE/Cake/View/View.php, line 365
Controller::render() - CORE/Cake/Controller/Controller.php, line 900
Dispatcher::_invoke() - CORE/Cake/Routing/Dispatcher.php, line 114
Dispatcher::dispatch() - CORE/Cake/Routing/Dispatcher.php, line 89
[main] - APP/webroot/index.php, line 96

2011-11-15 21:10:13 Notice: Notice (8): Undefined variable: imprint in [/Users/mjparinas/Documents/Zimity-Web/app/View/Imprints/view.ctp, line 86]
Trace:
include - APP/View/Imprints/view.ctp, line 86
View::_render() - CORE/Cake/View/View.php, line 598
View::render() - CORE/Cake/View/View.php, line 365
Controller::render() - CORE/Cake/Controller/Controller.php, line 900
Dispatcher::_invoke() - CORE/Cake/Routing/Dispatcher.php, line 114
Dispatcher::dispatch() - CORE/Cake/Routing/Dispatcher.php, line 89
[main] - APP/webroot/index.php, line 96

2011-11-15 21:10:13 Notice: Notice (8): Undefined variable: imprint in [/Users/mjparinas/Documents/Zimity-Web/app/View/Imprints/view.ctp, line 87]
Trace:
include - APP/View/Imprints/view.ctp, line 87
View::_render() - CORE/Cake/View/View.php, line 598
View::render() - CORE/Cake/View/View.php, line 365
Controller::render() - CORE/Cake/Controller/Controller.php, line 900
Dispatcher::_invoke() - CORE/Cake/Routing/Dispatcher.php, line 114
Dispatcher::dispatch() - CORE/Cake/Routing/Dispatcher.php, line 89
[main] - APP/webroot/index.php, line 96

2011-11-15 21:10:13 Notice: Notice (8): Undefined variable: imprint in [/Users/mjparinas/Documents/Zimity-Web/app/View/Imprints/view.ctp, line 97]
Trace:
include - APP/View/Imprints/view.ctp, line 97
View::_render() - CORE/Cake/View/View.php, line 598
View::render() - CORE/Cake/View/View.php, line 365
Controller::render() - CORE/Cake/Controller/Controller.php, line 900
Dispatcher::_invoke() - CORE/Cake/Routing/Dispatcher.php, line 114
Dispatcher::dispatch() - CORE/Cake/Routing/Dispatcher.php, line 89
[main] - APP/webroot/index.php, line 96

2011-11-15 21:10:13 Notice: Notice (8): Undefined variable: imprint in [/Users/mjparinas/Documents/Zimity-Web/app/View/Imprints/view.ctp, line 98]
Trace:
include - APP/View/Imprints/view.ctp, line 98
View::_render() - CORE/Cake/View/View.php, line 598
View::render() - CORE/Cake/View/View.php, line 365
Controller::render() - CORE/Cake/Controller/Controller.php, line 900
Dispatcher::_invoke() - CORE/Cake/Routing/Dispatcher.php, line 114
Dispatcher::dispatch() - CORE/Cake/Routing/Dispatcher.php, line 89
[main] - APP/webroot/index.php, line 96

2011-11-15 21:10:13 Notice: Notice (8): Undefined variable: imprint in [/Users/mjparinas/Documents/Zimity-Web/app/View/Imprints/view.ctp, line 88]
Trace:
include - APP/View/Imprints/view.ctp, line 88
View::_render() - CORE/Cake/View/View.php, line 598
View::render() - CORE/Cake/View/View.php, line 365
Controller::render() - CORE/Cake/Controller/Controller.php, line 900
Dispatcher::_invoke() - CORE/Cake/Routing/Dispatcher.php, line 114
Dispatcher::dispatch() - CORE/Cake/Routing/Dispatcher.php, line 89
[main] - APP/webroot/index.php, line 96

2011-11-15 21:10:13 Notice: Notice (8): Undefined variable: imprint in [/Users/mjparinas/Documents/Zimity-Web/app/View/Imprints/view.ctp, line 89]
Trace:
include - APP/View/Imprints/view.ctp, line 89
View::_render() - CORE/Cake/View/View.php, line 598
View::render() - CORE/Cake/View/View.php, line 365
Controller::render() - CORE/Cake/Controller/Controller.php, line 900
Dispatcher::_invoke() - CORE/Cake/Routing/Dispatcher.php, line 114
Dispatcher::dispatch() - CORE/Cake/Routing/Dispatcher.php, line 89
[main] - APP/webroot/index.php, line 96

2011-11-15 21:10:13 Notice: Notice (8): Undefined variable: imprint in [/Users/mjparinas/Documents/Zimity-Web/app/View/Imprints/view.ctp, line 103]
Trace:
include - APP/View/Imprints/view.ctp, line 103
View::_render() - CORE/Cake/View/View.php, line 598
View::render() - CORE/Cake/View/View.php, line 365
Controller::render() - CORE/Cake/Controller/Controller.php, line 900
Dispatcher::_invoke() - CORE/Cake/Routing/Dispatcher.php, line 114
Dispatcher::dispatch() - CORE/Cake/Routing/Dispatcher.php, line 89
[main] - APP/webroot/index.php, line 96

2011-11-15 21:10:13 Notice: Notice (8): Undefined variable: imprint in [/Users/mjparinas/Documents/Zimity-Web/app/View/Imprints/view.ctp, line 90]
Trace:
include - APP/View/Imprints/view.ctp, line 90
View::_render() - CORE/Cake/View/View.php, line 598
View::render() - CORE/Cake/View/View.php, line 365
Controller::render() - CORE/Cake/Controller/Controller.php, line 900
Dispatcher::_invoke() - CORE/Cake/Routing/Dispatcher.php, line 114
Dispatcher::dispatch() - CORE/Cake/Routing/Dispatcher.php, line 89
[main] - APP/webroot/index.php, line 96

2011-11-15 21:10:13 Notice: Notice (8): Undefined variable: imprint in [/Users/mjparinas/Documents/Zimity-Web/app/View/Imprints/view.ctp, line 91]
Trace:
include - APP/View/Imprints/view.ctp, line 91
View::_render() - CORE/Cake/View/View.php, line 598
View::render() - CORE/Cake/View/View.php, line 365
Controller::render() - CORE/Cake/Controller/Controller.php, line 900
Dispatcher::_invoke() - CORE/Cake/Routing/Dispatcher.php, line 114
Dispatcher::dispatch() - CORE/Cake/Routing/Dispatcher.php, line 89
[main] - APP/webroot/index.php, line 96

2011-11-15 21:10:13 Notice: Notice (8): Undefined variable: imprint in [/Users/mjparinas/Documents/Zimity-Web/app/View/Imprints/view.ctp, line 90]
Trace:
include - APP/View/Imprints/view.ctp, line 90
View::_render() - CORE/Cake/View/View.php, line 598
View::render() - CORE/Cake/View/View.php, line 365
Controller::render() - CORE/Cake/Controller/Controller.php, line 900
Dispatcher::_invoke() - CORE/Cake/Routing/Dispatcher.php, line 114
Dispatcher::dispatch() - CORE/Cake/Routing/Dispatcher.php, line 89
[main] - APP/webroot/index.php, line 96

2011-11-15 21:10:13 Notice: Notice (8): Undefined variable: imprint in [/Users/mjparinas/Documents/Zimity-Web/app/View/Imprints/view.ctp, line 91]
Trace:
include - APP/View/Imprints/view.ctp, line 91
View::_render() - CORE/Cake/View/View.php, line 598
View::render() - CORE/Cake/View/View.php, line 365
Controller::render() - CORE/Cake/Controller/Controller.php, line 900
Dispatcher::_invoke() - CORE/Cake/Routing/Dispatcher.php, line 114
Dispatcher::dispatch() - CORE/Cake/Routing/Dispatcher.php, line 89
[main] - APP/webroot/index.php, line 96

2011-11-15 21:10:13 Notice: Notice (8): Undefined variable: imprint in [/Users/mjparinas/Documents/Zimity-Web/app/View/Imprints/view.ctp, line 92]
Trace:
include - APP/View/Imprints/view.ctp, line 92
View::_render() - CORE/Cake/View/View.php, line 598
View::render() - CORE/Cake/View/View.php, line 365
Controller::render() - CORE/Cake/Controller/Controller.php, line 900
Dispatcher::_invoke() - CORE/Cake/Routing/Dispatcher.php, line 114
Dispatcher::dispatch() - CORE/Cake/Routing/Dispatcher.php, line 89
[main] - APP/webroot/index.php, line 96

2011-11-15 21:10:13 Notice: Notice (8): Undefined variable: imprint in [/Users/mjparinas/Documents/Zimity-Web/app/View/Imprints/view.ctp, line 93]
Trace:
include - APP/View/Imprints/view.ctp, line 93
View::_render() - CORE/Cake/View/View.php, line 598
View::render() - CORE/Cake/View/View.php, line 365
Controller::render() - CORE/Cake/Controller/Controller.php, line 900
Dispatcher::_invoke() - CORE/Cake/Routing/Dispatcher.php, line 114
Dispatcher::dispatch() - CORE/Cake/Routing/Dispatcher.php, line 89
[main] - APP/webroot/index.php, line 96

2011-11-15 21:10:13 Notice: Notice (8): Undefined variable: imprint in [/Users/mjparinas/Documents/Zimity-Web/app/View/Imprints/view.ctp, line 94]
Trace:
include - APP/View/Imprints/view.ctp, line 94
View::_render() - CORE/Cake/View/View.php, line 598
View::render() - CORE/Cake/View/View.php, line 365
Controller::render() - CORE/Cake/Controller/Controller.php, line 900
Dispatcher::_invoke() - CORE/Cake/Routing/Dispatcher.php, line 114
Dispatcher::dispatch() - CORE/Cake/Routing/Dispatcher.php, line 89
[main] - APP/webroot/index.php, line 96

2011-11-15 21:10:13 Notice: Notice (8): Undefined variable: imprint in [/Users/mjparinas/Documents/Zimity-Web/app/View/Imprints/view.ctp, line 95]
Trace:
include - APP/View/Imprints/view.ctp, line 95
View::_render() - CORE/Cake/View/View.php, line 598
View::render() - CORE/Cake/View/View.php, line 365
Controller::render() - CORE/Cake/Controller/Controller.php, line 900
Dispatcher::_invoke() - CORE/Cake/Routing/Dispatcher.php, line 114
Dispatcher::dispatch() - CORE/Cake/Routing/Dispatcher.php, line 89
[main] - APP/webroot/index.php, line 96

2011-11-15 21:10:13 Notice: Notice (8): Undefined variable: imprint in [/Users/mjparinas/Documents/Zimity-Web/app/View/Imprints/view.ctp, line 96]
Trace:
include - APP/View/Imprints/view.ctp, line 96
View::_render() - CORE/Cake/View/View.php, line 598
View::render() - CORE/Cake/View/View.php, line 365
Controller::render() - CORE/Cake/Controller/Controller.php, line 900
Dispatcher::_invoke() - CORE/Cake/Routing/Dispatcher.php, line 114
Dispatcher::dispatch() - CORE/Cake/Routing/Dispatcher.php, line 89
[main] - APP/webroot/index.php, line 96

2011-11-15 21:10:13 Notice: Notice (8): Undefined variable: imprint in [/Users/mjparinas/Documents/Zimity-Web/app/View/Imprints/view.ctp, line 97]
Trace:
include - APP/View/Imprints/view.ctp, line 97
View::_render() - CORE/Cake/View/View.php, line 598
View::render() - CORE/Cake/View/View.php, line 365
Controller::render() - CORE/Cake/Controller/Controller.php, line 900
Dispatcher::_invoke() - CORE/Cake/Routing/Dispatcher.php, line 114
Dispatcher::dispatch() - CORE/Cake/Routing/Dispatcher.php, line 89
[main] - APP/webroot/index.php, line 96

2011-11-15 21:10:13 Notice: Notice (8): Undefined variable: imprint in [/Users/mjparinas/Documents/Zimity-Web/app/View/Imprints/view.ctp, line 98]
Trace:
include - APP/View/Imprints/view.ctp, line 98
View::_render() - CORE/Cake/View/View.php, line 598
View::render() - CORE/Cake/View/View.php, line 365
Controller::render() - CORE/Cake/Controller/Controller.php, line 900
Dispatcher::_invoke() - CORE/Cake/Routing/Dispatcher.php, line 114
Dispatcher::dispatch() - CORE/Cake/Routing/Dispatcher.php, line 89
[main] - APP/webroot/index.php, line 96

2011-11-15 21:10:13 Notice: Notice (8): Undefined variable: imprint in [/Users/mjparinas/Documents/Zimity-Web/app/View/Imprints/view.ctp, line 103]
Trace:
include - APP/View/Imprints/view.ctp, line 103
View::_render() - CORE/Cake/View/View.php, line 598
View::render() - CORE/Cake/View/View.php, line 365
Controller::render() - CORE/Cake/Controller/Controller.php, line 900
Dispatcher::_invoke() - CORE/Cake/Routing/Dispatcher.php, line 114
Dispatcher::dispatch() - CORE/Cake/Routing/Dispatcher.php, line 89
[main] - APP/webroot/index.php, line 96

2011-11-15 21:10:13 Notice: Notice (8): Undefined variable: imprint in [/Users/mjparinas/Documents/Zimity-Web/app/View/Imprints/view.ctp, line 92]
Trace:
include - APP/View/Imprints/view.ctp, line 92
View::_render() - CORE/Cake/View/View.php, line 598
View::render() - CORE/Cake/View/View.php, line 365
Controller::render() - CORE/Cake/Controller/Controller.php, line 900
Dispatcher::_invoke() - CORE/Cake/Routing/Dispatcher.php, line 114
Dispatcher::dispatch() - CORE/Cake/Routing/Dispatcher.php, line 89
[main] - APP/webroot/index.php, line 96

2011-11-15 21:10:13 Notice: Notice (8): Undefined variable: imprint in [/Users/mjparinas/Documents/Zimity-Web/app/View/Imprints/view.ctp, line 93]
Trace:
include - APP/View/Imprints/view.ctp, line 93
View::_render() - CORE/Cake/View/View.php, line 598
View::render() - CORE/Cake/View/View.php, line 365
Controller::render() - CORE/Cake/Controller/Controller.php, line 900
Dispatcher::_invoke() - CORE/Cake/Routing/Dispatcher.php, line 114
Dispatcher::dispatch() - CORE/Cake/Routing/Dispatcher.php, line 89
[main] - APP/webroot/index.php, line 96

2011-11-15 21:10:13 Notice: Notice (8): Undefined variable: imprint in [/Users/mjparinas/Documents/Zimity-Web/app/View/Imprints/view.ctp, line 94]
Trace:
include - APP/View/Imprints/view.ctp, line 94
View::_render() - CORE/Cake/View/View.php, line 598
View::render() - CORE/Cake/View/View.php, line 365
Controller::render() - CORE/Cake/Controller/Controller.php, line 900
Dispatcher::_invoke() - CORE/Cake/Routing/Dispatcher.php, line 114
Dispatcher::dispatch() - CORE/Cake/Routing/Dispatcher.php, line 89
[main] - APP/webroot/index.php, line 96

2011-11-15 21:10:13 Notice: Notice (8): Undefined variable: imprint in [/Users/mjparinas/Documents/Zimity-Web/app/View/Imprints/view.ctp, line 95]
Trace:
include - APP/View/Imprints/view.ctp, line 95
View::_render() - CORE/Cake/View/View.php, line 598
View::render() - CORE/Cake/View/View.php, line 365
Controller::render() - CORE/Cake/Controller/Controller.php, line 900
Dispatcher::_invoke() - CORE/Cake/Routing/Dispatcher.php, line 114
Dispatcher::dispatch() - CORE/Cake/Routing/Dispatcher.php, line 89
[main] - APP/webroot/index.php, line 96

2011-11-15 21:10:13 Notice: Notice (8): Undefined variable: imprint in [/Users/mjparinas/Documents/Zimity-Web/app/View/Imprints/view.ctp, line 96]
Trace:
include - APP/View/Imprints/view.ctp, line 96
View::_render() - CORE/Cake/View/View.php, line 598
View::render() - CORE/Cake/View/View.php, line 365
Controller::render() - CORE/Cake/Controller/Controller.php, line 900
Dispatcher::_invoke() - CORE/Cake/Routing/Dispatcher.php, line 114
Dispatcher::dispatch() - CORE/Cake/Routing/Dispatcher.php, line 89
[main] - APP/webroot/index.php, line 96

2011-11-15 21:10:13 Notice: Notice (8): Undefined variable: imprint in [/Users/mjparinas/Documents/Zimity-Web/app/View/Imprints/view.ctp, line 97]
Trace:
include - APP/View/Imprints/view.ctp, line 97
View::_render() - CORE/Cake/View/View.php, line 598
View::render() - CORE/Cake/View/View.php, line 365
Controller::render() - CORE/Cake/Controller/Controller.php, line 900
Dispatcher::_invoke() - CORE/Cake/Routing/Dispatcher.php, line 114
Dispatcher::dispatch() - CORE/Cake/Routing/Dispatcher.php, line 89
[main] - APP/webroot/index.php, line 96

2011-11-15 21:10:13 Notice: Notice (8): Undefined variable: imprint in [/Users/mjparinas/Documents/Zimity-Web/app/View/Imprints/view.ctp, line 98]
Trace:
include - APP/View/Imprints/view.ctp, line 98
View::_render() - CORE/Cake/View/View.php, line 598
View::render() - CORE/Cake/View/View.php, line 365
Controller::render() - CORE/Cake/Controller/Controller.php, line 900
Dispatcher::_invoke() - CORE/Cake/Routing/Dispatcher.php, line 114
Dispatcher::dispatch() - CORE/Cake/Routing/Dispatcher.php, line 89
[main] - APP/webroot/index.php, line 96

2011-11-15 21:10:13 Notice: Notice (8): Undefined variable: imprint in [/Users/mjparinas/Documents/Zimity-Web/app/View/Imprints/view.ctp, line 103]
Trace:
include - APP/View/Imprints/view.ctp, line 103
View::_render() - CORE/Cake/View/View.php, line 598
View::render() - CORE/Cake/View/View.php, line 365
Controller::render() - CORE/Cake/Controller/Controller.php, line 900
Dispatcher::_invoke() - CORE/Cake/Routing/Dispatcher.php, line 114
Dispatcher::dispatch() - CORE/Cake/Routing/Dispatcher.php, line 89
[main] - APP/webroot/index.php, line 96

2011-11-15 21:19:22 Notice: Notice (8): Undefined variable: Error in [/Users/mjparinas/Documents/Zimity-Web/app/View/Errors/error400.ctp, line 1]
Trace:
include - APP/View/Errors/error400.ctp, line 1
View::_render() - CORE/Cake/View/View.php, line 598
View::render() - CORE/Cake/View/View.php, line 365
Controller::render() - CORE/Cake/Controller/Controller.php, line 900
ExceptionRenderer::_outputMessage() - CORE/Cake/Error/ExceptionRenderer.php, line 266
ExceptionRenderer::error400() - CORE/Cake/Error/ExceptionRenderer.php, line 211
ExceptionRenderer::render() - CORE/Cake/Error/ExceptionRenderer.php, line 165
ErrorHandler::handleException() - CORE/Cake/Error/ErrorHandler.php, line 127
[main] - [internal], line ??

2011-11-15 21:19:22 Notice: Notice (8): Undefined variable: Error in [/Users/mjparinas/Documents/Zimity-Web/app/View/Errors/error400.ctp, line 1]
Trace:
include - APP/View/Errors/error400.ctp, line 1
View::_render() - CORE/Cake/View/View.php, line 598
View::render() - CORE/Cake/View/View.php, line 365
Controller::render() - CORE/Cake/Controller/Controller.php, line 900
ExceptionRenderer::_outputMessage() - CORE/Cake/Error/ExceptionRenderer.php, line 266
ExceptionRenderer::error400() - CORE/Cake/Error/ExceptionRenderer.php, line 211
ExceptionRenderer::render() - CORE/Cake/Error/ExceptionRenderer.php, line 165
ErrorHandler::handleException() - CORE/Cake/Error/ErrorHandler.php, line 127
[main] - [internal], line ??

2011-11-15 21:19:22 Notice: Notice (8): Undefined variable: Error in [/Users/mjparinas/Documents/Zimity-Web/app/View/Errors/error400.ctp, line 1]
Trace:
include - APP/View/Errors/error400.ctp, line 1
View::_render() - CORE/Cake/View/View.php, line 598
View::render() - CORE/Cake/View/View.php, line 365
Controller::render() - CORE/Cake/Controller/Controller.php, line 900
ExceptionRenderer::_outputMessage() - CORE/Cake/Error/ExceptionRenderer.php, line 266
ExceptionRenderer::error400() - CORE/Cake/Error/ExceptionRenderer.php, line 211
ExceptionRenderer::render() - CORE/Cake/Error/ExceptionRenderer.php, line 165
ErrorHandler::handleException() - CORE/Cake/Error/ErrorHandler.php, line 127
[main] - [internal], line ??

2011-11-15 21:19:22 Notice: Notice (8): Undefined variable: Error in [/Users/mjparinas/Documents/Zimity-Web/app/View/Errors/error400.ctp, line 1]
Trace:
include - APP/View/Errors/error400.ctp, line 1
View::_render() - CORE/Cake/View/View.php, line 598
View::render() - CORE/Cake/View/View.php, line 365
Controller::render() - CORE/Cake/Controller/Controller.php, line 900
ExceptionRenderer::_outputMessage() - CORE/Cake/Error/ExceptionRenderer.php, line 266
ExceptionRenderer::error400() - CORE/Cake/Error/ExceptionRenderer.php, line 211
ExceptionRenderer::render() - CORE/Cake/Error/ExceptionRenderer.php, line 165
ErrorHandler::handleException() - CORE/Cake/Error/ErrorHandler.php, line 127
[main] - [internal], line ??

2011-11-15 21:19:29 Notice: Notice (8): Undefined variable: Error in [/Users/mjparinas/Documents/Zimity-Web/app/View/Errors/error400.ctp, line 1]
Trace:
include - APP/View/Errors/error400.ctp, line 1
View::_render() - CORE/Cake/View/View.php, line 598
View::render() - CORE/Cake/View/View.php, line 365
Controller::render() - CORE/Cake/Controller/Controller.php, line 900
ExceptionRenderer::_outputMessage() - CORE/Cake/Error/ExceptionRenderer.php, line 266
ExceptionRenderer::error400() - CORE/Cake/Error/ExceptionRenderer.php, line 211
ExceptionRenderer::render() - CORE/Cake/Error/ExceptionRenderer.php, line 165
ErrorHandler::handleException() - CORE/Cake/Error/ErrorHandler.php, line 127
[main] - [internal], line ??

2011-11-15 21:19:29 Notice: Notice (8): Undefined variable: Error in [/Users/mjparinas/Documents/Zimity-Web/app/View/Errors/error400.ctp, line 1]
Trace:
include - APP/View/Errors/error400.ctp, line 1
View::_render() - CORE/Cake/View/View.php, line 598
View::render() - CORE/Cake/View/View.php, line 365
Controller::render() - CORE/Cake/Controller/Controller.php, line 900
ExceptionRenderer::_outputMessage() - CORE/Cake/Error/ExceptionRenderer.php, line 266
ExceptionRenderer::error400() - CORE/Cake/Error/ExceptionRenderer.php, line 211
ExceptionRenderer::render() - CORE/Cake/Error/ExceptionRenderer.php, line 165
ErrorHandler::handleException() - CORE/Cake/Error/ErrorHandler.php, line 127
[main] - [internal], line ??

2011-11-15 21:19:29 Notice: Notice (8): Undefined variable: Error in [/Users/mjparinas/Documents/Zimity-Web/app/View/Errors/error400.ctp, line 1]
Trace:
include - APP/View/Errors/error400.ctp, line 1
View::_render() - CORE/Cake/View/View.php, line 598
View::render() - CORE/Cake/View/View.php, line 365
Controller::render() - CORE/Cake/Controller/Controller.php, line 900
ExceptionRenderer::_outputMessage() - CORE/Cake/Error/ExceptionRenderer.php, line 266
ExceptionRenderer::error400() - CORE/Cake/Error/ExceptionRenderer.php, line 211
ExceptionRenderer::render() - CORE/Cake/Error/ExceptionRenderer.php, line 165
ErrorHandler::handleException() - CORE/Cake/Error/ErrorHandler.php, line 127
[main] - [internal], line ??

2011-11-15 21:19:29 Notice: Notice (8): Undefined variable: Error in [/Users/mjparinas/Documents/Zimity-Web/app/View/Errors/error400.ctp, line 1]
Trace:
include - APP/View/Errors/error400.ctp, line 1
View::_render() - CORE/Cake/View/View.php, line 598
View::render() - CORE/Cake/View/View.php, line 365
Controller::render() - CORE/Cake/Controller/Controller.php, line 900
ExceptionRenderer::_outputMessage() - CORE/Cake/Error/ExceptionRenderer.php, line 266
ExceptionRenderer::error400() - CORE/Cake/Error/ExceptionRenderer.php, line 211
ExceptionRenderer::render() - CORE/Cake/Error/ExceptionRenderer.php, line 165
ErrorHandler::handleException() - CORE/Cake/Error/ErrorHandler.php, line 127
[main] - [internal], line ??

2011-11-15 21:19:30 Notice: Notice (8): Undefined variable: Error in [/Users/mjparinas/Documents/Zimity-Web/app/View/Errors/error400.ctp, line 1]
Trace:
include - APP/View/Errors/error400.ctp, line 1
View::_render() - CORE/Cake/View/View.php, line 598
View::render() - CORE/Cake/View/View.php, line 365
Controller::render() - CORE/Cake/Controller/Controller.php, line 900
ExceptionRenderer::_outputMessage() - CORE/Cake/Error/ExceptionRenderer.php, line 266
ExceptionRenderer::error400() - CORE/Cake/Error/ExceptionRenderer.php, line 211
ExceptionRenderer::render() - CORE/Cake/Error/ExceptionRenderer.php, line 165
ErrorHandler::handleException() - CORE/Cake/Error/ErrorHandler.php, line 127
[main] - [internal], line ??

2011-11-15 21:19:30 Notice: Notice (8): Undefined variable: Error in [/Users/mjparinas/Documents/Zimity-Web/app/View/Errors/error400.ctp, line 1]
Trace:
include - APP/View/Errors/error400.ctp, line 1
View::_render() - CORE/Cake/View/View.php, line 598
View::render() - CORE/Cake/View/View.php, line 365
Controller::render() - CORE/Cake/Controller/Controller.php, line 900
ExceptionRenderer::_outputMessage() - CORE/Cake/Error/ExceptionRenderer.php, line 266
ExceptionRenderer::error400() - CORE/Cake/Error/ExceptionRenderer.php, line 211
ExceptionRenderer::render() - CORE/Cake/Error/ExceptionRenderer.php, line 165
ErrorHandler::handleException() - CORE/Cake/Error/ErrorHandler.php, line 127
[main] - [internal], line ??

2011-11-15 21:19:31 Notice: Notice (8): Undefined variable: Error in [/Users/mjparinas/Documents/Zimity-Web/app/View/Errors/error400.ctp, line 1]
Trace:
include - APP/View/Errors/error400.ctp, line 1
View::_render() - CORE/Cake/View/View.php, line 598
View::render() - CORE/Cake/View/View.php, line 365
Controller::render() - CORE/Cake/Controller/Controller.php, line 900
ExceptionRenderer::_outputMessage() - CORE/Cake/Error/ExceptionRenderer.php, line 266
ExceptionRenderer::error400() - CORE/Cake/Error/ExceptionRenderer.php, line 211
ExceptionRenderer::render() - CORE/Cake/Error/ExceptionRenderer.php, line 165
ErrorHandler::handleException() - CORE/Cake/Error/ErrorHandler.php, line 127
[main] - [internal], line ??

2011-11-15 21:19:31 Notice: Notice (8): Undefined variable: Error in [/Users/mjparinas/Documents/Zimity-Web/app/View/Errors/error400.ctp, line 1]
Trace:
include - APP/View/Errors/error400.ctp, line 1
View::_render() - CORE/Cake/View/View.php, line 598
View::render() - CORE/Cake/View/View.php, line 365
Controller::render() - CORE/Cake/Controller/Controller.php, line 900
ExceptionRenderer::_outputMessage() - CORE/Cake/Error/ExceptionRenderer.php, line 266
ExceptionRenderer::error400() - CORE/Cake/Error/ExceptionRenderer.php, line 211
ExceptionRenderer::render() - CORE/Cake/Error/ExceptionRenderer.php, line 165
ErrorHandler::handleException() - CORE/Cake/Error/ErrorHandler.php, line 127
[main] - [internal], line ??

2011-11-15 21:21:15 Notice: Notice (8): Undefined variable: Error in [/Users/mjparinas/Documents/Zimity-Web/app/View/Errors/error400.ctp, line 1]
Trace:
include - APP/View/Errors/error400.ctp, line 1
View::_render() - CORE/Cake/View/View.php, line 598
View::render() - CORE/Cake/View/View.php, line 365
Controller::render() - CORE/Cake/Controller/Controller.php, line 900
ExceptionRenderer::_outputMessage() - CORE/Cake/Error/ExceptionRenderer.php, line 266
ExceptionRenderer::error400() - CORE/Cake/Error/ExceptionRenderer.php, line 211
ExceptionRenderer::render() - CORE/Cake/Error/ExceptionRenderer.php, line 165
ErrorHandler::handleException() - CORE/Cake/Error/ErrorHandler.php, line 127
[main] - [internal], line ??

2011-11-15 21:21:34 Notice: Notice (8): Undefined variable: Error in [/Users/mjparinas/Documents/Zimity-Web/app/View/Errors/error400.ctp, line 1]
Trace:
include - APP/View/Errors/error400.ctp, line 1
View::_render() - CORE/Cake/View/View.php, line 598
View::render() - CORE/Cake/View/View.php, line 365
Controller::render() - CORE/Cake/Controller/Controller.php, line 900
ExceptionRenderer::_outputMessage() - CORE/Cake/Error/ExceptionRenderer.php, line 266
ExceptionRenderer::error400() - CORE/Cake/Error/ExceptionRenderer.php, line 211
ExceptionRenderer::render() - CORE/Cake/Error/ExceptionRenderer.php, line 165
ErrorHandler::handleException() - CORE/Cake/Error/ErrorHandler.php, line 127
[main] - [internal], line ??

2011-11-15 21:21:35 Notice: Notice (8): Undefined variable: Error in [/Users/mjparinas/Documents/Zimity-Web/app/View/Errors/error400.ctp, line 1]
Trace:
include - APP/View/Errors/error400.ctp, line 1
View::_render() - CORE/Cake/View/View.php, line 598
View::render() - CORE/Cake/View/View.php, line 365
Controller::render() - CORE/Cake/Controller/Controller.php, line 900
ExceptionRenderer::_outputMessage() - CORE/Cake/Error/ExceptionRenderer.php, line 266
ExceptionRenderer::error400() - CORE/Cake/Error/ExceptionRenderer.php, line 211
ExceptionRenderer::render() - CORE/Cake/Error/ExceptionRenderer.php, line 165
ErrorHandler::handleException() - CORE/Cake/Error/ErrorHandler.php, line 127
[main] - [internal], line ??

2011-11-15 21:21:36 Notice: Notice (8): Undefined variable: Error in [/Users/mjparinas/Documents/Zimity-Web/app/View/Errors/error400.ctp, line 1]
Trace:
include - APP/View/Errors/error400.ctp, line 1
View::_render() - CORE/Cake/View/View.php, line 598
View::render() - CORE/Cake/View/View.php, line 365
Controller::render() - CORE/Cake/Controller/Controller.php, line 900
ExceptionRenderer::_outputMessage() - CORE/Cake/Error/ExceptionRenderer.php, line 266
ExceptionRenderer::error400() - CORE/Cake/Error/ExceptionRenderer.php, line 211
ExceptionRenderer::render() - CORE/Cake/Error/ExceptionRenderer.php, line 165
ErrorHandler::handleException() - CORE/Cake/Error/ErrorHandler.php, line 127
[main] - [internal], line ??

2011-11-15 21:21:36 Notice: Notice (8): Undefined variable: Error in [/Users/mjparinas/Documents/Zimity-Web/app/View/Errors/error400.ctp, line 1]
Trace:
include - APP/View/Errors/error400.ctp, line 1
View::_render() - CORE/Cake/View/View.php, line 598
View::render() - CORE/Cake/View/View.php, line 365
Controller::render() - CORE/Cake/Controller/Controller.php, line 900
ExceptionRenderer::_outputMessage() - CORE/Cake/Error/ExceptionRenderer.php, line 266
ExceptionRenderer::error400() - CORE/Cake/Error/ExceptionRenderer.php, line 211
ExceptionRenderer::render() - CORE/Cake/Error/ExceptionRenderer.php, line 165
ErrorHandler::handleException() - CORE/Cake/Error/ErrorHandler.php, line 127
[main] - [internal], line ??

2011-11-15 21:21:36 Notice: Notice (8): Undefined variable: Error in [/Users/mjparinas/Documents/Zimity-Web/app/View/Errors/error400.ctp, line 1]
Trace:
include - APP/View/Errors/error400.ctp, line 1
View::_render() - CORE/Cake/View/View.php, line 598
View::render() - CORE/Cake/View/View.php, line 365
Controller::render() - CORE/Cake/Controller/Controller.php, line 900
ExceptionRenderer::_outputMessage() - CORE/Cake/Error/ExceptionRenderer.php, line 266
ExceptionRenderer::error400() - CORE/Cake/Error/ExceptionRenderer.php, line 211
ExceptionRenderer::render() - CORE/Cake/Error/ExceptionRenderer.php, line 165
ErrorHandler::handleException() - CORE/Cake/Error/ErrorHandler.php, line 127
[main] - [internal], line ??

2011-11-15 21:21:58 Notice: Notice (8): Undefined variable: Error in [/Users/mjparinas/Documents/Zimity-Web/app/View/Errors/error400.ctp, line 1]
Trace:
include - APP/View/Errors/error400.ctp, line 1
View::_render() - CORE/Cake/View/View.php, line 598
View::render() - CORE/Cake/View/View.php, line 365
Controller::render() - CORE/Cake/Controller/Controller.php, line 900
ExceptionRenderer::_outputMessage() - CORE/Cake/Error/ExceptionRenderer.php, line 266
ExceptionRenderer::error400() - CORE/Cake/Error/ExceptionRenderer.php, line 211
ExceptionRenderer::render() - CORE/Cake/Error/ExceptionRenderer.php, line 165
ErrorHandler::handleException() - CORE/Cake/Error/ErrorHandler.php, line 127
[main] - [internal], line ??

2011-11-15 21:21:58 Notice: Notice (8): Undefined variable: Error in [/Users/mjparinas/Documents/Zimity-Web/app/View/Errors/error400.ctp, line 1]
Trace:
include - APP/View/Errors/error400.ctp, line 1
View::_render() - CORE/Cake/View/View.php, line 598
View::render() - CORE/Cake/View/View.php, line 365
Controller::render() - CORE/Cake/Controller/Controller.php, line 900
ExceptionRenderer::_outputMessage() - CORE/Cake/Error/ExceptionRenderer.php, line 266
ExceptionRenderer::error400() - CORE/Cake/Error/ExceptionRenderer.php, line 211
ExceptionRenderer::render() - CORE/Cake/Error/ExceptionRenderer.php, line 165
ErrorHandler::handleException() - CORE/Cake/Error/ErrorHandler.php, line 127
[main] - [internal], line ??

2011-11-15 21:21:58 Notice: Notice (8): Undefined variable: Error in [/Users/mjparinas/Documents/Zimity-Web/app/View/Errors/error400.ctp, line 1]
Trace:
include - APP/View/Errors/error400.ctp, line 1
View::_render() - CORE/Cake/View/View.php, line 598
View::render() - CORE/Cake/View/View.php, line 365
Controller::render() - CORE/Cake/Controller/Controller.php, line 900
ExceptionRenderer::_outputMessage() - CORE/Cake/Error/ExceptionRenderer.php, line 266
ExceptionRenderer::error400() - CORE/Cake/Error/ExceptionRenderer.php, line 211
ExceptionRenderer::render() - CORE/Cake/Error/ExceptionRenderer.php, line 165
ErrorHandler::handleException() - CORE/Cake/Error/ErrorHandler.php, line 127
[main] - [internal], line ??

2011-11-15 21:21:58 Notice: Notice (8): Undefined variable: Error in [/Users/mjparinas/Documents/Zimity-Web/app/View/Errors/error400.ctp, line 1]
Trace:
include - APP/View/Errors/error400.ctp, line 1
View::_render() - CORE/Cake/View/View.php, line 598
View::render() - CORE/Cake/View/View.php, line 365
Controller::render() - CORE/Cake/Controller/Controller.php, line 900
ExceptionRenderer::_outputMessage() - CORE/Cake/Error/ExceptionRenderer.php, line 266
ExceptionRenderer::error400() - CORE/Cake/Error/ExceptionRenderer.php, line 211
ExceptionRenderer::render() - CORE/Cake/Error/ExceptionRenderer.php, line 165
ErrorHandler::handleException() - CORE/Cake/Error/ErrorHandler.php, line 127
[main] - [internal], line ??

