2011-11-14 22:15:55 Error: [MissingControllerException] Controller class ImprintController could not be found.
#0 /Applications/MAMP/htdocs/app/webroot/index.php(96): Dispatcher->dispatch(Object(CakeRequest), Object(CakeResponse))
#1 {main}
2011-11-14 22:16:14 Error: [MissingControllerException] Controller class ImprintController could not be found.
#0 /Applications/MAMP/htdocs/app/webroot/index.php(96): Dispatcher->dispatch(Object(CakeRequest), Object(CakeResponse))
#1 {main}
2011-11-14 22:24:09 Error: [MissingActionException] Action UsersController::v() could not be found.
#0 /Applications/MAMP/htdocs/lib/Cake/Routing/Dispatcher.php(107): Controller->invokeAction(Object(CakeRequest))
#1 /Applications/MAMP/htdocs/lib/Cake/Routing/Dispatcher.php(89): Dispatcher->_invoke(Object(UsersController), Object(CakeRequest), Object(CakeResponse))
#2 /Applications/MAMP/htdocs/app/webroot/index.php(96): Dispatcher->dispatch(Object(CakeRequest), Object(CakeResponse))
#3 {main}
2011-11-14 22:26:57 Error: [MissingControllerException] Controller class JsController could not be found.
#0 /Applications/MAMP/htdocs/app/webroot/index.php(96): Dispatcher->dispatch(Object(CakeRequest), Object(CakeResponse))
#1 {main}
2011-11-14 22:27:01 Error: [MissingControllerException] Controller class JsController could not be found.
#0 /Applications/MAMP/htdocs/app/webroot/index.php(96): Dispatcher->dispatch(Object(CakeRequest), Object(CakeResponse))
#1 {main}
2011-11-14 22:27:03 Error: [MissingControllerException] Controller class JsController could not be found.
#0 /Applications/MAMP/htdocs/app/webroot/index.php(96): Dispatcher->dispatch(Object(CakeRequest), Object(CakeResponse))
#1 {main}
2011-11-14 22:32:37 Error: [MissingControllerException] Controller class JsController could not be found.
#0 /Applications/MAMP/htdocs/app/webroot/index.php(96): Dispatcher->dispatch(Object(CakeRequest), Object(CakeResponse))
#1 {main}
2011-11-14 22:36:12 Error: [MissingControllerException] Controller class JsController could not be found.
#0 /Applications/MAMP/htdocs/app/webroot/index.php(96): Dispatcher->dispatch(Object(CakeRequest), Object(CakeResponse))
#1 {main}
2011-11-14 22:45:56 Error: [MissingControllerException] Controller class JsController could not be found.
#0 /Applications/MAMP/htdocs/app/webroot/index.php(96): Dispatcher->dispatch(Object(CakeRequest), Object(CakeResponse))
#1 {main}
2011-11-14 22:46:33 Error: [MissingControllerException] Controller class JsController could not be found.
#0 /Applications/MAMP/htdocs/app/webroot/index.php(96): Dispatcher->dispatch(Object(CakeRequest), Object(CakeResponse))
#1 {main}
2011-11-14 22:46:50 Error: [MissingControllerException] Controller class JsController could not be found.
#0 /Applications/MAMP/htdocs/app/webroot/index.php(96): Dispatcher->dispatch(Object(CakeRequest), Object(CakeResponse))
#1 {main}
2011-11-14 22:48:59 Error: [MissingControllerException] Controller class JsController could not be found.
#0 /Applications/MAMP/htdocs/app/webroot/index.php(96): Dispatcher->dispatch(Object(CakeRequest), Object(CakeResponse))
#1 {main}
2011-11-14 22:49:15 Error: [MissingControllerException] Controller class JsController could not be found.
#0 /Applications/MAMP/htdocs/app/webroot/index.php(96): Dispatcher->dispatch(Object(CakeRequest), Object(CakeResponse))
#1 {main}
2011-11-14 22:49:17 Error: [MissingControllerException] Controller class JsController could not be found.
#0 /Applications/MAMP/htdocs/app/webroot/index.php(96): Dispatcher->dispatch(Object(CakeRequest), Object(CakeResponse))
#1 {main}
2011-11-14 22:50:18 Error: [MissingControllerException] Controller class JsController could not be found.
#0 /Applications/MAMP/htdocs/app/webroot/index.php(96): Dispatcher->dispatch(Object(CakeRequest), Object(CakeResponse))
#1 {main}
2011-11-14 22:51:27 Error: [MissingControllerException] Controller class JsController could not be found.
#0 /Applications/MAMP/htdocs/app/webroot/index.php(96): Dispatcher->dispatch(Object(CakeRequest), Object(CakeResponse))
#1 {main}
2011-11-14 22:52:38 Error: [MissingControllerException] Controller class JsController could not be found.
#0 /Applications/MAMP/htdocs/app/webroot/index.php(96): Dispatcher->dispatch(Object(CakeRequest), Object(CakeResponse))
#1 {main}
2011-11-14 22:52:43 Error: [MissingControllerException] Controller class JsController could not be found.
#0 /Applications/MAMP/htdocs/app/webroot/index.php(96): Dispatcher->dispatch(Object(CakeRequest), Object(CakeResponse))
#1 {main}
2011-11-14 23:00:44 Error: [MissingControllerException] Controller class JsController could not be found.
#0 /Applications/MAMP/htdocs/app/webroot/index.php(96): Dispatcher->dispatch(Object(CakeRequest), Object(CakeResponse))
#1 {main}
2011-11-14 23:00:46 Error: [MissingControllerException] Controller class JsController could not be found.
#0 /Applications/MAMP/htdocs/app/webroot/index.php(96): Dispatcher->dispatch(Object(CakeRequest), Object(CakeResponse))
#1 {main}
2011-11-14 23:01:04 Error: [MissingControllerException] Controller class JsController could not be found.
#0 /Applications/MAMP/htdocs/app/webroot/index.php(96): Dispatcher->dispatch(Object(CakeRequest), Object(CakeResponse))
#1 {main}
2011-11-14 23:05:07 Error: [MissingControllerException] Controller class JsController could not be found.
#0 /Applications/MAMP/htdocs/app/webroot/index.php(96): Dispatcher->dispatch(Object(CakeRequest), Object(CakeResponse))
#1 {main}
2011-11-14 23:06:22 Error: [MissingControllerException] Controller class JsController could not be found.
#0 /Applications/MAMP/htdocs/app/webroot/index.php(96): Dispatcher->dispatch(Object(CakeRequest), Object(CakeResponse))
#1 {main}
2011-11-14 23:07:53 Error: [MissingControllerException] Controller class JsController could not be found.
#0 /Applications/MAMP/htdocs/app/webroot/index.php(96): Dispatcher->dispatch(Object(CakeRequest), Object(CakeResponse))
#1 {main}
2011-11-14 23:08:57 Error: [MissingControllerException] Controller class JsController could not be found.
#0 /Applications/MAMP/htdocs/app/webroot/index.php(96): Dispatcher->dispatch(Object(CakeRequest), Object(CakeResponse))
#1 {main}
2011-11-14 23:10:41 Error: [MissingControllerException] Controller class JsController could not be found.
#0 /Applications/MAMP/htdocs/app/webroot/index.php(96): Dispatcher->dispatch(Object(CakeRequest), Object(CakeResponse))
#1 {main}
2011-11-14 23:10:43 Error: [MissingControllerException] Controller class JsController could not be found.
#0 /Applications/MAMP/htdocs/app/webroot/index.php(96): Dispatcher->dispatch(Object(CakeRequest), Object(CakeResponse))
#1 {main}
2011-11-14 23:13:52 Error: [MissingControllerException] Controller class JsController could not be found.
#0 /Applications/MAMP/htdocs/app/webroot/index.php(96): Dispatcher->dispatch(Object(CakeRequest), Object(CakeResponse))
#1 {main}
2011-11-14 23:13:54 Error: [MissingControllerException] Controller class JsController could not be found.
#0 /Applications/MAMP/htdocs/app/webroot/index.php(96): Dispatcher->dispatch(Object(CakeRequest), Object(CakeResponse))
#1 {main}
2011-11-14 23:15:28 Error: [MissingControllerException] Controller class JsController could not be found.
#0 /Applications/MAMP/htdocs/app/webroot/index.php(96): Dispatcher->dispatch(Object(CakeRequest), Object(CakeResponse))
#1 {main}
2011-11-14 23:15:30 Error: [MissingControllerException] Controller class JsController could not be found.
#0 /Applications/MAMP/htdocs/app/webroot/index.php(96): Dispatcher->dispatch(Object(CakeRequest), Object(CakeResponse))
#1 {main}
2011-11-14 23:15:33 Error: [MissingControllerException] Controller class JsController could not be found.
#0 /Applications/MAMP/htdocs/app/webroot/index.php(96): Dispatcher->dispatch(Object(CakeRequest), Object(CakeResponse))
#1 {main}
2011-11-14 23:16:24 Error: [MissingControllerException] Controller class JsController could not be found.
#0 /Applications/MAMP/htdocs/app/webroot/index.php(96): Dispatcher->dispatch(Object(CakeRequest), Object(CakeResponse))
#1 {main}
2011-11-14 23:16:56 Error: [MissingActionException] Action ImprintsController::js() could not be found.
#0 /Applications/MAMP/htdocs/lib/Cake/Routing/Dispatcher.php(107): Controller->invokeAction(Object(CakeRequest))
#1 /Applications/MAMP/htdocs/lib/Cake/Routing/Dispatcher.php(89): Dispatcher->_invoke(Object(ImprintsController), Object(CakeRequest), Object(CakeResponse))
#2 /Applications/MAMP/htdocs/app/webroot/index.php(96): Dispatcher->dispatch(Object(CakeRequest), Object(CakeResponse))
#3 {main}
2011-11-14 23:16:56 Error: [MissingActionException] Action ImprintsController::js() could not be found.
#0 /Applications/MAMP/htdocs/lib/Cake/Routing/Dispatcher.php(107): Controller->invokeAction(Object(CakeRequest))
#1 /Applications/MAMP/htdocs/lib/Cake/Routing/Dispatcher.php(89): Dispatcher->_invoke(Object(ImprintsController), Object(CakeRequest), Object(CakeResponse))
#2 /Applications/MAMP/htdocs/app/webroot/index.php(96): Dispatcher->dispatch(Object(CakeRequest), Object(CakeResponse))
#3 {main}
2011-11-14 23:16:56 Error: [MissingActionException] Action ImprintsController::js() could not be found.
#0 /Applications/MAMP/htdocs/lib/Cake/Routing/Dispatcher.php(107): Controller->invokeAction(Object(CakeRequest))
#1 /Applications/MAMP/htdocs/lib/Cake/Routing/Dispatcher.php(89): Dispatcher->_invoke(Object(ImprintsController), Object(CakeRequest), Object(CakeResponse))
#2 /Applications/MAMP/htdocs/app/webroot/index.php(96): Dispatcher->dispatch(Object(CakeRequest), Object(CakeResponse))
#3 {main}
2011-11-14 23:16:57 Error: [MissingActionException] Action ImprintsController::js() could not be found.
#0 /Applications/MAMP/htdocs/lib/Cake/Routing/Dispatcher.php(107): Controller->invokeAction(Object(CakeRequest))
#1 /Applications/MAMP/htdocs/lib/Cake/Routing/Dispatcher.php(89): Dispatcher->_invoke(Object(ImprintsController), Object(CakeRequest), Object(CakeResponse))
#2 /Applications/MAMP/htdocs/app/webroot/index.php(96): Dispatcher->dispatch(Object(CakeRequest), Object(CakeResponse))
#3 {main}
2011-11-14 23:16:57 Error: [MissingActionException] Action ImprintsController::js() could not be found.
#0 /Applications/MAMP/htdocs/lib/Cake/Routing/Dispatcher.php(107): Controller->invokeAction(Object(CakeRequest))
#1 /Applications/MAMP/htdocs/lib/Cake/Routing/Dispatcher.php(89): Dispatcher->_invoke(Object(ImprintsController), Object(CakeRequest), Object(CakeResponse))
#2 /Applications/MAMP/htdocs/app/webroot/index.php(96): Dispatcher->dispatch(Object(CakeRequest), Object(CakeResponse))
#3 {main}
2011-11-14 23:16:57 Error: [MissingActionException] Action ImprintsController::js() could not be found.
#0 /Applications/MAMP/htdocs/lib/Cake/Routing/Dispatcher.php(107): Controller->invokeAction(Object(CakeRequest))
#1 /Applications/MAMP/htdocs/lib/Cake/Routing/Dispatcher.php(89): Dispatcher->_invoke(Object(ImprintsController), Object(CakeRequest), Object(CakeResponse))
#2 /Applications/MAMP/htdocs/app/webroot/index.php(96): Dispatcher->dispatch(Object(CakeRequest), Object(CakeResponse))
#3 {main}
2011-11-14 23:29:49 Error: [MissingActionException] Action ImprintsController::js() could not be found.
#0 /Applications/MAMP/htdocs/lib/Cake/Routing/Dispatcher.php(107): Controller->invokeAction(Object(CakeRequest))
#1 /Applications/MAMP/htdocs/lib/Cake/Routing/Dispatcher.php(89): Dispatcher->_invoke(Object(ImprintsController), Object(CakeRequest), Object(CakeResponse))
#2 /Applications/MAMP/htdocs/app/webroot/index.php(96): Dispatcher->dispatch(Object(CakeRequest), Object(CakeResponse))
#3 {main}
2011-11-14 23:29:49 Error: [MissingActionException] Action ImprintsController::js() could not be found.
#0 /Applications/MAMP/htdocs/lib/Cake/Routing/Dispatcher.php(107): Controller->invokeAction(Object(CakeRequest))
#1 /Applications/MAMP/htdocs/lib/Cake/Routing/Dispatcher.php(89): Dispatcher->_invoke(Object(ImprintsController), Object(CakeRequest), Object(CakeResponse))
#2 /Applications/MAMP/htdocs/app/webroot/index.php(96): Dispatcher->dispatch(Object(CakeRequest), Object(CakeResponse))
#3 {main}
2011-11-14 23:29:49 Error: [MissingActionException] Action ImprintsController::js() could not be found.
#0 /Applications/MAMP/htdocs/lib/Cake/Routing/Dispatcher.php(107): Controller->invokeAction(Object(CakeRequest))
#1 /Applications/MAMP/htdocs/lib/Cake/Routing/Dispatcher.php(89): Dispatcher->_invoke(Object(ImprintsController), Object(CakeRequest), Object(CakeResponse))
#2 /Applications/MAMP/htdocs/app/webroot/index.php(96): Dispatcher->dispatch(Object(CakeRequest), Object(CakeResponse))
#3 {main}
2011-11-14 23:29:49 Error: [MissingActionException] Action ImprintsController::js() could not be found.
#0 /Applications/MAMP/htdocs/lib/Cake/Routing/Dispatcher.php(107): Controller->invokeAction(Object(CakeRequest))
#1 /Applications/MAMP/htdocs/lib/Cake/Routing/Dispatcher.php(89): Dispatcher->_invoke(Object(ImprintsController), Object(CakeRequest), Object(CakeResponse))
#2 /Applications/MAMP/htdocs/app/webroot/index.php(96): Dispatcher->dispatch(Object(CakeRequest), Object(CakeResponse))
#3 {main}
2011-11-14 23:29:49 Error: [MissingActionException] Action ImprintsController::js() could not be found.
#0 /Applications/MAMP/htdocs/lib/Cake/Routing/Dispatcher.php(107): Controller->invokeAction(Object(CakeRequest))
#1 /Applications/MAMP/htdocs/lib/Cake/Routing/Dispatcher.php(89): Dispatcher->_invoke(Object(ImprintsController), Object(CakeRequest), Object(CakeResponse))
#2 /Applications/MAMP/htdocs/app/webroot/index.php(96): Dispatcher->dispatch(Object(CakeRequest), Object(CakeResponse))
#3 {main}
2011-11-14 23:29:49 Error: [MissingActionException] Action ImprintsController::js() could not be found.
#0 /Applications/MAMP/htdocs/lib/Cake/Routing/Dispatcher.php(107): Controller->invokeAction(Object(CakeRequest))
#1 /Applications/MAMP/htdocs/lib/Cake/Routing/Dispatcher.php(89): Dispatcher->_invoke(Object(ImprintsController), Object(CakeRequest), Object(CakeResponse))
#2 /Applications/MAMP/htdocs/app/webroot/index.php(96): Dispatcher->dispatch(Object(CakeRequest), Object(CakeResponse))
#3 {main}
2011-11-14 23:30:23 Error: [MissingActionException] Action ImprintsController::js() could not be found.
#0 /Applications/MAMP/htdocs/lib/Cake/Routing/Dispatcher.php(107): Controller->invokeAction(Object(CakeRequest))
#1 /Applications/MAMP/htdocs/lib/Cake/Routing/Dispatcher.php(89): Dispatcher->_invoke(Object(ImprintsController), Object(CakeRequest), Object(CakeResponse))
#2 /Applications/MAMP/htdocs/app/webroot/index.php(96): Dispatcher->dispatch(Object(CakeRequest), Object(CakeResponse))
#3 {main}
2011-11-14 23:30:23 Error: [MissingActionException] Action ImprintsController::js() could not be found.
#0 /Applications/MAMP/htdocs/lib/Cake/Routing/Dispatcher.php(107): Controller->invokeAction(Object(CakeRequest))
#1 /Applications/MAMP/htdocs/lib/Cake/Routing/Dispatcher.php(89): Dispatcher->_invoke(Object(ImprintsController), Object(CakeRequest), Object(CakeResponse))
#2 /Applications/MAMP/htdocs/app/webroot/index.php(96): Dispatcher->dispatch(Object(CakeRequest), Object(CakeResponse))
#3 {main}
2011-11-14 23:30:23 Error: [MissingActionException] Action ImprintsController::js() could not be found.
#0 /Applications/MAMP/htdocs/lib/Cake/Routing/Dispatcher.php(107): Controller->invokeAction(Object(CakeRequest))
#1 /Applications/MAMP/htdocs/lib/Cake/Routing/Dispatcher.php(89): Dispatcher->_invoke(Object(ImprintsController), Object(CakeRequest), Object(CakeResponse))
#2 /Applications/MAMP/htdocs/app/webroot/index.php(96): Dispatcher->dispatch(Object(CakeRequest), Object(CakeResponse))
#3 {main}
2011-11-14 23:30:23 Error: [MissingActionException] Action ImprintsController::js() could not be found.
#0 /Applications/MAMP/htdocs/lib/Cake/Routing/Dispatcher.php(107): Controller->invokeAction(Object(CakeRequest))
#1 /Applications/MAMP/htdocs/lib/Cake/Routing/Dispatcher.php(89): Dispatcher->_invoke(Object(ImprintsController), Object(CakeRequest), Object(CakeResponse))
#2 /Applications/MAMP/htdocs/app/webroot/index.php(96): Dispatcher->dispatch(Object(CakeRequest), Object(CakeResponse))
#3 {main}
2011-11-14 23:30:23 Error: [MissingActionException] Action ImprintsController::js() could not be found.
#0 /Applications/MAMP/htdocs/lib/Cake/Routing/Dispatcher.php(107): Controller->invokeAction(Object(CakeRequest))
#1 /Applications/MAMP/htdocs/lib/Cake/Routing/Dispatcher.php(89): Dispatcher->_invoke(Object(ImprintsController), Object(CakeRequest), Object(CakeResponse))
#2 /Applications/MAMP/htdocs/app/webroot/index.php(96): Dispatcher->dispatch(Object(CakeRequest), Object(CakeResponse))
#3 {main}
2011-11-14 23:30:23 Error: [MissingActionException] Action ImprintsController::js() could not be found.
#0 /Applications/MAMP/htdocs/lib/Cake/Routing/Dispatcher.php(107): Controller->invokeAction(Object(CakeRequest))
#1 /Applications/MAMP/htdocs/lib/Cake/Routing/Dispatcher.php(89): Dispatcher->_invoke(Object(ImprintsController), Object(CakeRequest), Object(CakeResponse))
#2 /Applications/MAMP/htdocs/app/webroot/index.php(96): Dispatcher->dispatch(Object(CakeRequest), Object(CakeResponse))
#3 {main}
2011-11-14 23:30:23 Error: [MissingActionException] Action ImprintsController::js() could not be found.
#0 /Applications/MAMP/htdocs/lib/Cake/Routing/Dispatcher.php(107): Controller->invokeAction(Object(CakeRequest))
#1 /Applications/MAMP/htdocs/lib/Cake/Routing/Dispatcher.php(89): Dispatcher->_invoke(Object(ImprintsController), Object(CakeRequest), Object(CakeResponse))
#2 /Applications/MAMP/htdocs/app/webroot/index.php(96): Dispatcher->dispatch(Object(CakeRequest), Object(CakeResponse))
#3 {main}
2011-11-14 23:30:26 Error: [MissingActionException] Action ImprintsController::js() could not be found.
#0 /Applications/MAMP/htdocs/lib/Cake/Routing/Dispatcher.php(107): Controller->invokeAction(Object(CakeRequest))
#1 /Applications/MAMP/htdocs/lib/Cake/Routing/Dispatcher.php(89): Dispatcher->_invoke(Object(ImprintsController), Object(CakeRequest), Object(CakeResponse))
#2 /Applications/MAMP/htdocs/app/webroot/index.php(96): Dispatcher->dispatch(Object(CakeRequest), Object(CakeResponse))
#3 {main}
2011-11-14 23:30:26 Error: [MissingActionException] Action ImprintsController::js() could not be found.
#0 /Applications/MAMP/htdocs/lib/Cake/Routing/Dispatcher.php(107): Controller->invokeAction(Object(CakeRequest))
#1 /Applications/MAMP/htdocs/lib/Cake/Routing/Dispatcher.php(89): Dispatcher->_invoke(Object(ImprintsController), Object(CakeRequest), Object(CakeResponse))
#2 /Applications/MAMP/htdocs/app/webroot/index.php(96): Dispatcher->dispatch(Object(CakeRequest), Object(CakeResponse))
#3 {main}
2011-11-14 23:30:26 Error: [MissingActionException] Action ImprintsController::js() could not be found.
#0 /Applications/MAMP/htdocs/lib/Cake/Routing/Dispatcher.php(107): Controller->invokeAction(Object(CakeRequest))
#1 /Applications/MAMP/htdocs/lib/Cake/Routing/Dispatcher.php(89): Dispatcher->_invoke(Object(ImprintsController), Object(CakeRequest), Object(CakeResponse))
#2 /Applications/MAMP/htdocs/app/webroot/index.php(96): Dispatcher->dispatch(Object(CakeRequest), Object(CakeResponse))
#3 {main}
2011-11-14 23:30:26 Error: [MissingActionException] Action ImprintsController::js() could not be found.
#0 /Applications/MAMP/htdocs/lib/Cake/Routing/Dispatcher.php(107): Controller->invokeAction(Object(CakeRequest))
#1 /Applications/MAMP/htdocs/lib/Cake/Routing/Dispatcher.php(89): Dispatcher->_invoke(Object(ImprintsController), Object(CakeRequest), Object(CakeResponse))
#2 /Applications/MAMP/htdocs/app/webroot/index.php(96): Dispatcher->dispatch(Object(CakeRequest), Object(CakeResponse))
#3 {main}
2011-11-14 23:30:26 Error: [MissingActionException] Action ImprintsController::js() could not be found.
#0 /Applications/MAMP/htdocs/lib/Cake/Routing/Dispatcher.php(107): Controller->invokeAction(Object(CakeRequest))
#1 /Applications/MAMP/htdocs/lib/Cake/Routing/Dispatcher.php(89): Dispatcher->_invoke(Object(ImprintsController), Object(CakeRequest), Object(CakeResponse))
#2 /Applications/MAMP/htdocs/app/webroot/index.php(96): Dispatcher->dispatch(Object(CakeRequest), Object(CakeResponse))
#3 {main}
2011-11-14 23:30:26 Error: [MissingActionException] Action ImprintsController::js() could not be found.
#0 /Applications/MAMP/htdocs/lib/Cake/Routing/Dispatcher.php(107): Controller->invokeAction(Object(CakeRequest))
#1 /Applications/MAMP/htdocs/lib/Cake/Routing/Dispatcher.php(89): Dispatcher->_invoke(Object(ImprintsController), Object(CakeRequest), Object(CakeResponse))
#2 /Applications/MAMP/htdocs/app/webroot/index.php(96): Dispatcher->dispatch(Object(CakeRequest), Object(CakeResponse))
#3 {main}
2011-11-14 23:30:27 Error: [MissingActionException] Action ImprintsController::js() could not be found.
#0 /Applications/MAMP/htdocs/lib/Cake/Routing/Dispatcher.php(107): Controller->invokeAction(Object(CakeRequest))
#1 /Applications/MAMP/htdocs/lib/Cake/Routing/Dispatcher.php(89): Dispatcher->_invoke(Object(ImprintsController), Object(CakeRequest), Object(CakeResponse))
#2 /Applications/MAMP/htdocs/app/webroot/index.php(96): Dispatcher->dispatch(Object(CakeRequest), Object(CakeResponse))
#3 {main}
2011-11-14 23:30:43 Error: [MissingActionException] Action ImprintsController::js() could not be found.
#0 /Applications/MAMP/htdocs/lib/Cake/Routing/Dispatcher.php(107): Controller->invokeAction(Object(CakeRequest))
#1 /Applications/MAMP/htdocs/lib/Cake/Routing/Dispatcher.php(89): Dispatcher->_invoke(Object(ImprintsController), Object(CakeRequest), Object(CakeResponse))
#2 /Applications/MAMP/htdocs/app/webroot/index.php(96): Dispatcher->dispatch(Object(CakeRequest), Object(CakeResponse))
#3 {main}
2011-11-14 23:30:43 Error: [MissingActionException] Action ImprintsController::js() could not be found.
#0 /Applications/MAMP/htdocs/lib/Cake/Routing/Dispatcher.php(107): Controller->invokeAction(Object(CakeRequest))
#1 /Applications/MAMP/htdocs/lib/Cake/Routing/Dispatcher.php(89): Dispatcher->_invoke(Object(ImprintsController), Object(CakeRequest), Object(CakeResponse))
#2 /Applications/MAMP/htdocs/app/webroot/index.php(96): Dispatcher->dispatch(Object(CakeRequest), Object(CakeResponse))
#3 {main}
2011-11-14 23:30:43 Error: [MissingActionException] Action ImprintsController::js() could not be found.
#0 /Applications/MAMP/htdocs/lib/Cake/Routing/Dispatcher.php(107): Controller->invokeAction(Object(CakeRequest))
#1 /Applications/MAMP/htdocs/lib/Cake/Routing/Dispatcher.php(89): Dispatcher->_invoke(Object(ImprintsController), Object(CakeRequest), Object(CakeResponse))
#2 /Applications/MAMP/htdocs/app/webroot/index.php(96): Dispatcher->dispatch(Object(CakeRequest), Object(CakeResponse))
#3 {main}
2011-11-14 23:30:43 Error: [MissingActionException] Action ImprintsController::js() could not be found.
#0 /Applications/MAMP/htdocs/lib/Cake/Routing/Dispatcher.php(107): Controller->invokeAction(Object(CakeRequest))
#1 /Applications/MAMP/htdocs/lib/Cake/Routing/Dispatcher.php(89): Dispatcher->_invoke(Object(ImprintsController), Object(CakeRequest), Object(CakeResponse))
#2 /Applications/MAMP/htdocs/app/webroot/index.php(96): Dispatcher->dispatch(Object(CakeRequest), Object(CakeResponse))
#3 {main}
2011-11-14 23:30:43 Error: [MissingActionException] Action ImprintsController::js() could not be found.
#0 /Applications/MAMP/htdocs/lib/Cake/Routing/Dispatcher.php(107): Controller->invokeAction(Object(CakeRequest))
#1 /Applications/MAMP/htdocs/lib/Cake/Routing/Dispatcher.php(89): Dispatcher->_invoke(Object(ImprintsController), Object(CakeRequest), Object(CakeResponse))
#2 /Applications/MAMP/htdocs/app/webroot/index.php(96): Dispatcher->dispatch(Object(CakeRequest), Object(CakeResponse))
#3 {main}
2011-11-14 23:30:43 Error: [MissingActionException] Action ImprintsController::js() could not be found.
#0 /Applications/MAMP/htdocs/lib/Cake/Routing/Dispatcher.php(107): Controller->invokeAction(Object(CakeRequest))
#1 /Applications/MAMP/htdocs/lib/Cake/Routing/Dispatcher.php(89): Dispatcher->_invoke(Object(ImprintsController), Object(CakeRequest), Object(CakeResponse))
#2 /Applications/MAMP/htdocs/app/webroot/index.php(96): Dispatcher->dispatch(Object(CakeRequest), Object(CakeResponse))
#3 {main}
2011-11-14 23:30:43 Error: [MissingActionException] Action ImprintsController::js() could not be found.
#0 /Applications/MAMP/htdocs/lib/Cake/Routing/Dispatcher.php(107): Controller->invokeAction(Object(CakeRequest))
#1 /Applications/MAMP/htdocs/lib/Cake/Routing/Dispatcher.php(89): Dispatcher->_invoke(Object(ImprintsController), Object(CakeRequest), Object(CakeResponse))
#2 /Applications/MAMP/htdocs/app/webroot/index.php(96): Dispatcher->dispatch(Object(CakeRequest), Object(CakeResponse))
#3 {main}
2011-11-14 23:30:45 Error: [MissingActionException] Action ImprintsController::js() could not be found.
#0 /Applications/MAMP/htdocs/lib/Cake/Routing/Dispatcher.php(107): Controller->invokeAction(Object(CakeRequest))
#1 /Applications/MAMP/htdocs/lib/Cake/Routing/Dispatcher.php(89): Dispatcher->_invoke(Object(ImprintsController), Object(CakeRequest), Object(CakeResponse))
#2 /Applications/MAMP/htdocs/app/webroot/index.php(96): Dispatcher->dispatch(Object(CakeRequest), Object(CakeResponse))
#3 {main}
2011-11-14 23:30:45 Error: [MissingActionException] Action ImprintsController::js() could not be found.
#0 /Applications/MAMP/htdocs/lib/Cake/Routing/Dispatcher.php(107): Controller->invokeAction(Object(CakeRequest))
#1 /Applications/MAMP/htdocs/lib/Cake/Routing/Dispatcher.php(89): Dispatcher->_invoke(Object(ImprintsController), Object(CakeRequest), Object(CakeResponse))
#2 /Applications/MAMP/htdocs/app/webroot/index.php(96): Dispatcher->dispatch(Object(CakeRequest), Object(CakeResponse))
#3 {main}
2011-11-14 23:30:45 Error: [MissingActionException] Action ImprintsController::js() could not be found.
#0 /Applications/MAMP/htdocs/lib/Cake/Routing/Dispatcher.php(107): Controller->invokeAction(Object(CakeRequest))
#1 /Applications/MAMP/htdocs/lib/Cake/Routing/Dispatcher.php(89): Dispatcher->_invoke(Object(ImprintsController), Object(CakeRequest), Object(CakeResponse))
#2 /Applications/MAMP/htdocs/app/webroot/index.php(96): Dispatcher->dispatch(Object(CakeRequest), Object(CakeResponse))
#3 {main}
2011-11-14 23:30:45 Error: [MissingActionException] Action ImprintsController::js() could not be found.
#0 /Applications/MAMP/htdocs/lib/Cake/Routing/Dispatcher.php(107): Controller->invokeAction(Object(CakeRequest))
#1 /Applications/MAMP/htdocs/lib/Cake/Routing/Dispatcher.php(89): Dispatcher->_invoke(Object(ImprintsController), Object(CakeRequest), Object(CakeResponse))
#2 /Applications/MAMP/htdocs/app/webroot/index.php(96): Dispatcher->dispatch(Object(CakeRequest), Object(CakeResponse))
#3 {main}
2011-11-14 23:30:45 Error: [MissingActionException] Action ImprintsController::js() could not be found.
#0 /Applications/MAMP/htdocs/lib/Cake/Routing/Dispatcher.php(107): Controller->invokeAction(Object(CakeRequest))
#1 /Applications/MAMP/htdocs/lib/Cake/Routing/Dispatcher.php(89): Dispatcher->_invoke(Object(ImprintsController), Object(CakeRequest), Object(CakeResponse))
#2 /Applications/MAMP/htdocs/app/webroot/index.php(96): Dispatcher->dispatch(Object(CakeRequest), Object(CakeResponse))
#3 {main}
2011-11-14 23:30:45 Error: [MissingActionException] Action ImprintsController::js() could not be found.
#0 /Applications/MAMP/htdocs/lib/Cake/Routing/Dispatcher.php(107): Controller->invokeAction(Object(CakeRequest))
#1 /Applications/MAMP/htdocs/lib/Cake/Routing/Dispatcher.php(89): Dispatcher->_invoke(Object(ImprintsController), Object(CakeRequest), Object(CakeResponse))
#2 /Applications/MAMP/htdocs/app/webroot/index.php(96): Dispatcher->dispatch(Object(CakeRequest), Object(CakeResponse))
#3 {main}
2011-11-14 23:30:45 Error: [MissingActionException] Action ImprintsController::js() could not be found.
#0 /Applications/MAMP/htdocs/lib/Cake/Routing/Dispatcher.php(107): Controller->invokeAction(Object(CakeRequest))
#1 /Applications/MAMP/htdocs/lib/Cake/Routing/Dispatcher.php(89): Dispatcher->_invoke(Object(ImprintsController), Object(CakeRequest), Object(CakeResponse))
#2 /Applications/MAMP/htdocs/app/webroot/index.php(96): Dispatcher->dispatch(Object(CakeRequest), Object(CakeResponse))
#3 {main}
2011-11-14 23:32:48 Error: [MissingActionException] Action ImprintsController::images() could not be found.
#0 /Applications/MAMP/htdocs/lib/Cake/Routing/Dispatcher.php(107): Controller->invokeAction(Object(CakeRequest))
#1 /Applications/MAMP/htdocs/lib/Cake/Routing/Dispatcher.php(89): Dispatcher->_invoke(Object(ImprintsController), Object(CakeRequest), Object(CakeResponse))
#2 /Applications/MAMP/htdocs/app/webroot/index.php(96): Dispatcher->dispatch(Object(CakeRequest), Object(CakeResponse))
#3 {main}
2011-11-14 23:32:48 Error: [MissingActionException] Action ImprintsController::images() could not be found.
#0 /Applications/MAMP/htdocs/lib/Cake/Routing/Dispatcher.php(107): Controller->invokeAction(Object(CakeRequest))
#1 /Applications/MAMP/htdocs/lib/Cake/Routing/Dispatcher.php(89): Dispatcher->_invoke(Object(ImprintsController), Object(CakeRequest), Object(CakeResponse))
#2 /Applications/MAMP/htdocs/app/webroot/index.php(96): Dispatcher->dispatch(Object(CakeRequest), Object(CakeResponse))
#3 {main}
2011-11-14 23:32:48 Error: [MissingActionException] Action ImprintsController::images() could not be found.
#0 /Applications/MAMP/htdocs/lib/Cake/Routing/Dispatcher.php(107): Controller->invokeAction(Object(CakeRequest))
#1 /Applications/MAMP/htdocs/lib/Cake/Routing/Dispatcher.php(89): Dispatcher->_invoke(Object(ImprintsController), Object(CakeRequest), Object(CakeResponse))
#2 /Applications/MAMP/htdocs/app/webroot/index.php(96): Dispatcher->dispatch(Object(CakeRequest), Object(CakeResponse))
#3 {main}
2011-11-14 23:32:48 Error: [MissingActionException] Action ImprintsController::images() could not be found.
#0 /Applications/MAMP/htdocs/lib/Cake/Routing/Dispatcher.php(107): Controller->invokeAction(Object(CakeRequest))
#1 /Applications/MAMP/htdocs/lib/Cake/Routing/Dispatcher.php(89): Dispatcher->_invoke(Object(ImprintsController), Object(CakeRequest), Object(CakeResponse))
#2 /Applications/MAMP/htdocs/app/webroot/index.php(96): Dispatcher->dispatch(Object(CakeRequest), Object(CakeResponse))
#3 {main}
2011-11-14 23:33:00 Error: [MissingActionException] Action ImprintsController::js() could not be found.
#0 /Applications/MAMP/htdocs/lib/Cake/Routing/Dispatcher.php(107): Controller->invokeAction(Object(CakeRequest))
#1 /Applications/MAMP/htdocs/lib/Cake/Routing/Dispatcher.php(89): Dispatcher->_invoke(Object(ImprintsController), Object(CakeRequest), Object(CakeResponse))
#2 /Applications/MAMP/htdocs/app/webroot/index.php(96): Dispatcher->dispatch(Object(CakeRequest), Object(CakeResponse))
#3 {main}
2011-11-14 23:33:00 Error: [MissingActionException] Action ImprintsController::js() could not be found.
#0 /Applications/MAMP/htdocs/lib/Cake/Routing/Dispatcher.php(107): Controller->invokeAction(Object(CakeRequest))
#1 /Applications/MAMP/htdocs/lib/Cake/Routing/Dispatcher.php(89): Dispatcher->_invoke(Object(ImprintsController), Object(CakeRequest), Object(CakeResponse))
#2 /Applications/MAMP/htdocs/app/webroot/index.php(96): Dispatcher->dispatch(Object(CakeRequest), Object(CakeResponse))
#3 {main}
2011-11-14 23:33:00 Error: [MissingActionException] Action ImprintsController::js() could not be found.
#0 /Applications/MAMP/htdocs/lib/Cake/Routing/Dispatcher.php(107): Controller->invokeAction(Object(CakeRequest))
#1 /Applications/MAMP/htdocs/lib/Cake/Routing/Dispatcher.php(89): Dispatcher->_invoke(Object(ImprintsController), Object(CakeRequest), Object(CakeResponse))
#2 /Applications/MAMP/htdocs/app/webroot/index.php(96): Dispatcher->dispatch(Object(CakeRequest), Object(CakeResponse))
#3 {main}
2011-11-14 23:33:00 Error: [MissingActionException] Action ImprintsController::js() could not be found.
#0 /Applications/MAMP/htdocs/lib/Cake/Routing/Dispatcher.php(107): Controller->invokeAction(Object(CakeRequest))
#1 /Applications/MAMP/htdocs/lib/Cake/Routing/Dispatcher.php(89): Dispatcher->_invoke(Object(ImprintsController), Object(CakeRequest), Object(CakeResponse))
#2 /Applications/MAMP/htdocs/app/webroot/index.php(96): Dispatcher->dispatch(Object(CakeRequest), Object(CakeResponse))
#3 {main}
2011-11-14 23:33:59 Error: [MissingControllerException] Controller class FancyboxController could not be found.
#0 /Applications/MAMP/htdocs/app/webroot/index.php(96): Dispatcher->dispatch(Object(CakeRequest), Object(CakeResponse))
#1 {main}
2011-11-14 23:34:01 Error: [MissingActionException] Action ImprintsController::js() could not be found.
#0 /Applications/MAMP/htdocs/lib/Cake/Routing/Dispatcher.php(107): Controller->invokeAction(Object(CakeRequest))
#1 /Applications/MAMP/htdocs/lib/Cake/Routing/Dispatcher.php(89): Dispatcher->_invoke(Object(ImprintsController), Object(CakeRequest), Object(CakeResponse))
#2 /Applications/MAMP/htdocs/app/webroot/index.php(96): Dispatcher->dispatch(Object(CakeRequest), Object(CakeResponse))
#3 {main}
2011-11-14 23:34:01 Error: [MissingControllerException] Controller class FancyboxController could not be found.
#0 /Applications/MAMP/htdocs/app/webroot/index.php(96): Dispatcher->dispatch(Object(CakeRequest), Object(CakeResponse))
#1 {main}
2011-11-14 23:34:01 Error: [MissingActionException] Action ImprintsController::js() could not be found.
#0 /Applications/MAMP/htdocs/lib/Cake/Routing/Dispatcher.php(107): Controller->invokeAction(Object(CakeRequest))
#1 /Applications/MAMP/htdocs/lib/Cake/Routing/Dispatcher.php(89): Dispatcher->_invoke(Object(ImprintsController), Object(CakeRequest), Object(CakeResponse))
#2 /Applications/MAMP/htdocs/app/webroot/index.php(96): Dispatcher->dispatch(Object(CakeRequest), Object(CakeResponse))
#3 {main}
2011-11-14 23:34:01 Error: [MissingActionException] Action ImprintsController::js() could not be found.
#0 /Applications/MAMP/htdocs/lib/Cake/Routing/Dispatcher.php(107): Controller->invokeAction(Object(CakeRequest))
#1 /Applications/MAMP/htdocs/lib/Cake/Routing/Dispatcher.php(89): Dispatcher->_invoke(Object(ImprintsController), Object(CakeRequest), Object(CakeResponse))
#2 /Applications/MAMP/htdocs/app/webroot/index.php(96): Dispatcher->dispatch(Object(CakeRequest), Object(CakeResponse))
#3 {main}
2011-11-14 23:34:20 Error: [MissingControllerException] Controller class FancyboxController could not be found.
#0 /Applications/MAMP/htdocs/app/webroot/index.php(96): Dispatcher->dispatch(Object(CakeRequest), Object(CakeResponse))
#1 {main}
2011-11-14 23:34:20 Error: [MissingControllerException] Controller class FancyboxController could not be found.
#0 /Applications/MAMP/htdocs/app/webroot/index.php(96): Dispatcher->dispatch(Object(CakeRequest), Object(CakeResponse))
#1 {main}
2011-11-14 23:34:20 Error: [MissingControllerException] Controller class FancyboxController could not be found.
#0 /Applications/MAMP/htdocs/app/webroot/index.php(96): Dispatcher->dispatch(Object(CakeRequest), Object(CakeResponse))
#1 {main}
2011-11-14 23:34:20 Error: [MissingControllerException] Controller class FancyboxController could not be found.
#0 /Applications/MAMP/htdocs/app/webroot/index.php(96): Dispatcher->dispatch(Object(CakeRequest), Object(CakeResponse))
#1 {main}
2011-11-14 23:34:20 Error: [MissingControllerException] Controller class FancyboxController could not be found.
#0 /Applications/MAMP/htdocs/app/webroot/index.php(96): Dispatcher->dispatch(Object(CakeRequest), Object(CakeResponse))
#1 {main}
2011-11-14 23:34:33 Error: [MissingControllerException] Controller class JsController could not be found.
#0 /Applications/MAMP/htdocs/app/webroot/index.php(96): Dispatcher->dispatch(Object(CakeRequest), Object(CakeResponse))
#1 {main}
2011-11-14 23:34:36 Error: [MissingControllerException] Controller class JsController could not be found.
#0 /Applications/MAMP/htdocs/app/webroot/index.php(96): Dispatcher->dispatch(Object(CakeRequest), Object(CakeResponse))
#1 {main}
2011-11-14 23:35:37 Error: [MissingControllerException] Controller class JsController could not be found.
#0 /Applications/MAMP/htdocs/app/webroot/index.php(96): Dispatcher->dispatch(Object(CakeRequest), Object(CakeResponse))
#1 {main}
2011-11-14 23:35:46 Error: [MissingControllerException] Controller class ImagesController could not be found.
#0 /Applications/MAMP/htdocs/app/webroot/index.php(96): Dispatcher->dispatch(Object(CakeRequest), Object(CakeResponse))
#1 {main}
2011-11-14 23:35:46 Error: [MissingControllerException] Controller class ImagesController could not be found.
#0 /Applications/MAMP/htdocs/app/webroot/index.php(96): Dispatcher->dispatch(Object(CakeRequest), Object(CakeResponse))
#1 {main}
2011-11-14 23:35:46 Error: [MissingControllerException] Controller class ImagesController could not be found.
#0 /Applications/MAMP/htdocs/app/webroot/index.php(96): Dispatcher->dispatch(Object(CakeRequest), Object(CakeResponse))
#1 {main}
2011-11-14 23:35:46 Error: [MissingControllerException] Controller class ImagesController could not be found.
#0 /Applications/MAMP/htdocs/app/webroot/index.php(96): Dispatcher->dispatch(Object(CakeRequest), Object(CakeResponse))
#1 {main}
2011-11-14 23:35:48 Error: [MissingControllerException] Controller class Apple-touch-icon.icoController could not be found.
#0 /Applications/MAMP/htdocs/app/webroot/index.php(96): Dispatcher->dispatch(Object(CakeRequest), Object(CakeResponse))
#1 {main}
2011-11-14 23:35:48 Error: [MissingControllerException] Controller class JsController could not be found.
#0 /Applications/MAMP/htdocs/app/webroot/index.php(96): Dispatcher->dispatch(Object(CakeRequest), Object(CakeResponse))
#1 {main}
2011-11-14 23:36:12 Error: [MissingControllerException] Controller class JsController could not be found.
#0 /Applications/MAMP/htdocs/app/webroot/index.php(96): Dispatcher->dispatch(Object(CakeRequest), Object(CakeResponse))
#1 {main}
2011-11-14 23:36:51 Error: [MissingControllerException] Controller class JsController could not be found.
#0 /Applications/MAMP/htdocs/app/webroot/index.php(96): Dispatcher->dispatch(Object(CakeRequest), Object(CakeResponse))
#1 {main}
2011-11-14 23:41:52 Error: [MissingControllerException] Controller class JsController could not be found.
#0 /Applications/MAMP/htdocs/app/webroot/index.php(96): Dispatcher->dispatch(Object(CakeRequest), Object(CakeResponse))
#1 {main}
2011-11-14 23:41:56 Error: [MissingControllerException] Controller class JsController could not be found.
#0 /Applications/MAMP/htdocs/app/webroot/index.php(96): Dispatcher->dispatch(Object(CakeRequest), Object(CakeResponse))
#1 {main}
2011-11-14 23:42:08 Error: [MissingControllerException] Controller class JsController could not be found.
#0 /Applications/MAMP/htdocs/app/webroot/index.php(96): Dispatcher->dispatch(Object(CakeRequest), Object(CakeResponse))
#1 {main}
2011-11-14 23:42:27 Error: [MissingControllerException] Controller class JsController could not be found.
#0 /Applications/MAMP/htdocs/app/webroot/index.php(96): Dispatcher->dispatch(Object(CakeRequest), Object(CakeResponse))
#1 {main}
2011-11-14 23:43:26 Error: [MissingControllerException] Controller class JsController could not be found.
#0 /Applications/MAMP/htdocs/app/webroot/index.php(96): Dispatcher->dispatch(Object(CakeRequest), Object(CakeResponse))
#1 {main}
2011-11-14 23:43:44 Error: [MissingControllerException] Controller class JsController could not be found.
#0 /Applications/MAMP/htdocs/app/webroot/index.php(96): Dispatcher->dispatch(Object(CakeRequest), Object(CakeResponse))
#1 {main}
2011-11-14 23:43:54 Error: [MissingControllerException] Controller class JsController could not be found.
#0 /Applications/MAMP/htdocs/app/webroot/index.php(96): Dispatcher->dispatch(Object(CakeRequest), Object(CakeResponse))
#1 {main}
2011-11-14 23:44:36 Error: [MissingControllerException] Controller class JsController could not be found.
#0 /Applications/MAMP/htdocs/app/webroot/index.php(96): Dispatcher->dispatch(Object(CakeRequest), Object(CakeResponse))
#1 {main}
2011-11-14 23:45:04 Error: [MissingControllerException] Controller class JsController could not be found.
#0 /Applications/MAMP/htdocs/app/webroot/index.php(96): Dispatcher->dispatch(Object(CakeRequest), Object(CakeResponse))
#1 {main}
2011-11-14 23:45:20 Error: [MissingControllerException] Controller class JsController could not be found.
#0 /Applications/MAMP/htdocs/app/webroot/index.php(96): Dispatcher->dispatch(Object(CakeRequest), Object(CakeResponse))
#1 {main}
2011-11-14 23:45:58 Error: [MissingControllerException] Controller class JsController could not be found.
#0 /Applications/MAMP/htdocs/app/webroot/index.php(96): Dispatcher->dispatch(Object(CakeRequest), Object(CakeResponse))
#1 {main}
2011-11-14 23:47:12 Error: [MissingControllerException] Controller class JsController could not be found.
#0 /Applications/MAMP/htdocs/app/webroot/index.php(96): Dispatcher->dispatch(Object(CakeRequest), Object(CakeResponse))
#1 {main}
2011-11-14 23:50:11 Error: [MissingControllerException] Controller class JsController could not be found.
#0 /Applications/MAMP/htdocs/app/webroot/index.php(96): Dispatcher->dispatch(Object(CakeRequest), Object(CakeResponse))
#1 {main}
2011-11-14 23:54:50 Error: [MissingControllerException] Controller class JsController could not be found.
#0 /Applications/MAMP/htdocs/app/webroot/index.php(96): Dispatcher->dispatch(Object(CakeRequest), Object(CakeResponse))
#1 {main}
2011-11-14 23:54:53 Error: [MissingControllerException] Controller class JsController could not be found.
#0 /Applications/MAMP/htdocs/app/webroot/index.php(96): Dispatcher->dispatch(Object(CakeRequest), Object(CakeResponse))
#1 {main}
2011-11-14 23:56:15 Error: [MissingControllerException] Controller class JsController could not be found.
#0 /Applications/MAMP/htdocs/app/webroot/index.php(96): Dispatcher->dispatch(Object(CakeRequest), Object(CakeResponse))
#1 {main}
2011-11-14 23:57:51 Error: [MissingControllerException] Controller class JsController could not be found.
#0 /Applications/MAMP/htdocs/app/webroot/index.php(96): Dispatcher->dispatch(Object(CakeRequest), Object(CakeResponse))
#1 {main}
2011-11-15 00:03:22 Error: [MissingControllerException] Controller class JsController could not be found.
#0 /Applications/MAMP/htdocs/app/webroot/index.php(96): Dispatcher->dispatch(Object(CakeRequest), Object(CakeResponse))
#1 {main}
2011-11-15 00:03:25 Error: [MissingActionException] Action UsersController::js() could not be found.
#0 /Applications/MAMP/htdocs/lib/Cake/Routing/Dispatcher.php(107): Controller->invokeAction(Object(CakeRequest))
#1 /Applications/MAMP/htdocs/lib/Cake/Routing/Dispatcher.php(89): Dispatcher->_invoke(Object(UsersController), Object(CakeRequest), Object(CakeResponse))
#2 /Applications/MAMP/htdocs/app/webroot/index.php(96): Dispatcher->dispatch(Object(CakeRequest), Object(CakeResponse))
#3 {main}
2011-11-15 00:03:25 Error: [MissingActionException] Action UsersController::js() could not be found.
#0 /Applications/MAMP/htdocs/lib/Cake/Routing/Dispatcher.php(107): Controller->invokeAction(Object(CakeRequest))
#1 /Applications/MAMP/htdocs/lib/Cake/Routing/Dispatcher.php(89): Dispatcher->_invoke(Object(UsersController), Object(CakeRequest), Object(CakeResponse))
#2 /Applications/MAMP/htdocs/app/webroot/index.php(96): Dispatcher->dispatch(Object(CakeRequest), Object(CakeResponse))
#3 {main}
2011-11-15 00:03:25 Error: [MissingActionException] Action UsersController::js() could not be found.
#0 /Applications/MAMP/htdocs/lib/Cake/Routing/Dispatcher.php(107): Controller->invokeAction(Object(CakeRequest))
#1 /Applications/MAMP/htdocs/lib/Cake/Routing/Dispatcher.php(89): Dispatcher->_invoke(Object(UsersController), Object(CakeRequest), Object(CakeResponse))
#2 /Applications/MAMP/htdocs/app/webroot/index.php(96): Dispatcher->dispatch(Object(CakeRequest), Object(CakeResponse))
#3 {main}
2011-11-15 00:04:55 Error: [MissingControllerException] Controller class JsController could not be found.
#0 /Applications/MAMP/htdocs/app/webroot/index.php(96): Dispatcher->dispatch(Object(CakeRequest), Object(CakeResponse))
#1 {main}
2011-11-15 00:05:01 Error: [MissingControllerException] Controller class JsController could not be found.
#0 /Applications/MAMP/htdocs/app/webroot/index.php(96): Dispatcher->dispatch(Object(CakeRequest), Object(CakeResponse))
#1 {main}
2011-11-15 00:21:41 Error: [MissingControllerException] Controller class JsController could not be found.
#0 /Applications/MAMP/htdocs/app/webroot/index.php(96): Dispatcher->dispatch(Object(CakeRequest), Object(CakeResponse))
#1 {main}
2011-11-15 00:24:08 Error: [MissingControllerException] Controller class JsController could not be found.
#0 /Applications/MAMP/htdocs/app/webroot/index.php(96): Dispatcher->dispatch(Object(CakeRequest), Object(CakeResponse))
#1 {main}
2011-11-15 00:24:46 Error: [MissingControllerException] Controller class JsController could not be found.
#0 /Applications/MAMP/htdocs/app/webroot/index.php(96): Dispatcher->dispatch(Object(CakeRequest), Object(CakeResponse))
#1 {main}
2011-11-15 00:25:01 Error: [MissingControllerException] Controller class JsController could not be found.
#0 /Applications/MAMP/htdocs/app/webroot/index.php(96): Dispatcher->dispatch(Object(CakeRequest), Object(CakeResponse))
#1 {main}
2011-11-15 00:26:50 Error: [MissingControllerException] Controller class JsController could not be found.
#0 /Applications/MAMP/htdocs/app/webroot/index.php(96): Dispatcher->dispatch(Object(CakeRequest), Object(CakeResponse))
#1 {main}
2011-11-15 00:28:22 Error: [MissingControllerException] Controller class JsController could not be found.
#0 /Applications/MAMP/htdocs/app/webroot/index.php(96): Dispatcher->dispatch(Object(CakeRequest), Object(CakeResponse))
#1 {main}
2011-11-15 00:29:06 Error: [MissingControllerException] Controller class JsController could not be found.
#0 /Applications/MAMP/htdocs/app/webroot/index.php(96): Dispatcher->dispatch(Object(CakeRequest), Object(CakeResponse))
#1 {main}
2011-11-15 00:29:48 Error: [MissingControllerException] Controller class JsController could not be found.
#0 /Applications/MAMP/htdocs/app/webroot/index.php(96): Dispatcher->dispatch(Object(CakeRequest), Object(CakeResponse))
#1 {main}
2011-11-15 00:30:31 Error: [MissingControllerException] Controller class JsController could not be found.
#0 /Applications/MAMP/htdocs/app/webroot/index.php(96): Dispatcher->dispatch(Object(CakeRequest), Object(CakeResponse))
#1 {main}
2011-11-15 00:30:42 Error: [MissingControllerException] Controller class JsController could not be found.
#0 /Applications/MAMP/htdocs/app/webroot/index.php(96): Dispatcher->dispatch(Object(CakeRequest), Object(CakeResponse))
#1 {main}
2011-11-15 00:32:03 Error: [MissingControllerException] Controller class JsController could not be found.
#0 /Applications/MAMP/htdocs/app/webroot/index.php(96): Dispatcher->dispatch(Object(CakeRequest), Object(CakeResponse))
#1 {main}
2011-11-15 00:32:04 Error: [MissingControllerException] Controller class JsController could not be found.
#0 /Applications/MAMP/htdocs/app/webroot/index.php(96): Dispatcher->dispatch(Object(CakeRequest), Object(CakeResponse))
#1 {main}
2011-11-15 00:32:21 Error: [MissingControllerException] Controller class JsController could not be found.
#0 /Applications/MAMP/htdocs/app/webroot/index.php(96): Dispatcher->dispatch(Object(CakeRequest), Object(CakeResponse))
#1 {main}
2011-11-15 00:32:22 Error: [MissingControllerException] Controller class JsController could not be found.
#0 /Applications/MAMP/htdocs/app/webroot/index.php(96): Dispatcher->dispatch(Object(CakeRequest), Object(CakeResponse))
#1 {main}
2011-11-15 00:33:48 Error: [MissingControllerException] Controller class JsController could not be found.
#0 /Applications/MAMP/htdocs/app/webroot/index.php(96): Dispatcher->dispatch(Object(CakeRequest), Object(CakeResponse))
#1 {main}
2011-11-15 00:37:13 Error: [MissingControllerException] Controller class JsController could not be found.
#0 /Applications/MAMP/htdocs/app/webroot/index.php(96): Dispatcher->dispatch(Object(CakeRequest), Object(CakeResponse))
#1 {main}
2011-11-15 00:37:14 Error: [MissingControllerException] Controller class JsController could not be found.
#0 /Applications/MAMP/htdocs/app/webroot/index.php(96): Dispatcher->dispatch(Object(CakeRequest), Object(CakeResponse))
#1 {main}
